Arguments: 
  /home/travis/.nvm/versions/node/v18.18.2/bin/node /usr/local/bin/yarn add -D vite @vitejs/react-plugin

PATH: 
  /opt/maven/bin:/home/travis/snap/flutter/common/flutter/bin/:/home/travis/.local/bin:/home/travis/bin:/home/travis/.nvm/versions/node/v18.18.2/bin:/opt/maven/bin:/home/travis/.local/bin:/home/travis/bin:/opt/maven/bin:/usr/local/sbin:/usr/local/bin:/usr/sbin:/usr/bin:/sbin:/bin:/usr/games:/usr/local/games:/snap/bin:/snap/bin:/home/travis/engineering/tools/VSCode-linux-x64/bin:/home/travis/.yarn/bin:/home/travis/bin:/home/travis/.local/bin:/home/travis/engineering/tools/VSCode-linux-x64/bin:/home/travis/.yarn/bin:/home/travis/bin:/home/travis/.local/bin:/home/travis/engineering/tools/VSCode-linux-x64/bin:/home/travis/.yarn/bin:/home/travis/bin:/home/travis/.local/bin

Yarn version: 
  1.22.19

Node version: 
  18.18.2

Platform: 
  linux x64

Trace: 
  Error: https://registry.yarnpkg.com/@vitejs%2freact-plugin: Not found
      at params.callback [as _callback] (/usr/local/lib/node_modules/yarn/lib/cli.js:66145:18)
      at self.callback (/usr/local/lib/node_modules/yarn/lib/cli.js:140890:22)
      at Request.emit (node:events:517:28)
      at Request.<anonymous> (/usr/local/lib/node_modules/yarn/lib/cli.js:141862:10)
      at Request.emit (node:events:517:28)
      at IncomingMessage.<anonymous> (/usr/local/lib/node_modules/yarn/lib/cli.js:141784:12)
      at Object.onceWrapper (node:events:631:28)
      at IncomingMessage.emit (node:events:529:35)
      at endReadableNT (node:internal/streams/readable:1368:12)
      at process.processTicksAndRejections (node:internal/process/task_queues:82:21)

npm manifest: 
  {
    "name": "xtuml-hub-client",
    "version": "1.0.0",
    "description": "A client for the central HUB of collaborative xtUML modeling.",
    "repository": "https://github.com/FMAY-Software/xtuml-hub-client",
    "author": "FMAY Software",
    "license": "MIT",
    "private": true,
    "scripts": {
      "copy-assets": "cp -r public/assets dist/",
      "prestart": "yarn copy-assets",
      "prebuild": "yarn copy-assets",
      "start": "vite",
      "build": "vite build",
      "preview": "vite preview"
    },
    "devDependencies": {
      "@types/react": "^18.2.45",
      "@types/react-dom": "^18.2.18",
      "@types/react-redux": "^7.1.33",
      "process": "^0.11.10",
      "typescript": "^5.3.3"
    },
    "dependencies": {
      "@ant-design/colors": "^7.0.0",
      "@ant-design/icons": "^5.2.6",
      "@reduxjs/toolkit": "^2.0.1",
      "antd": "^5.12.5",
      "react": "^18.2.0",
      "react-dom": "^18.2.0",
      "react-icons": "^4.12.0",
      "react-markdown": "^8.0.0",
      "react-redux": "^9.0.4",
      "redux-persist": "^6.0.0",
      "remark-gfm": "4.0.0"
    }
  }

yarn manifest: 
  No manifest

Lockfile: 
  # THIS IS AN AUTOGENERATED FILE. DO NOT EDIT THIS FILE DIRECTLY.
  # yarn lockfile v1
  
  
  "@ant-design/colors@^7.0.0":
    version "7.0.0"
    resolved "https://registry.yarnpkg.com/@ant-design/colors/-/colors-7.0.0.tgz#eb7eecead124c3533aea05d61254f0a17f2b61b3"
    integrity sha512-iVm/9PfGCbC0dSMBrz7oiEXZaaGH7ceU40OJEfKmyuzR9R5CRimJYPlRiFtMQGQcbNMea/ePcoIebi4ASGYXtg==
    dependencies:
      "@ctrl/tinycolor" "^3.4.0"
  
  "@ant-design/cssinjs@^1.18.1":
    version "1.18.1"
    resolved "https://registry.yarnpkg.com/@ant-design/cssinjs/-/cssinjs-1.18.1.tgz#ebb0aa28c751ce2203f149554d4a09b2c09174c0"
    integrity sha512-1JURAPrsjK1GwpqByTq3bJ7nF7lbMKDZpehqeR2n8/IR5O58/W1U4VcOeaw5ZyTHri3tEMcom7dyP2tvxpW54g==
    dependencies:
      "@babel/runtime" "^7.11.1"
      "@emotion/hash" "^0.8.0"
      "@emotion/unitless" "^0.7.5"
      classnames "^2.3.1"
      csstype "3.1.2"
      rc-util "^5.35.0"
      stylis "^4.0.13"
  
  "@ant-design/icons-svg@^4.3.0":
    version "4.3.1"
    resolved "https://registry.yarnpkg.com/@ant-design/icons-svg/-/icons-svg-4.3.1.tgz#4b2f65a17d4d32b526baa6414aca2117382bf8da"
    integrity sha512-4QBZg8ccyC6LPIRii7A0bZUk3+lEDCLnhB+FVsflGdcWPPmV+j3fire4AwwoqHV/BibgvBmR9ZIo4s867smv+g==
  
  "@ant-design/icons@^5.2.6":
    version "5.2.6"
    resolved "https://registry.yarnpkg.com/@ant-design/icons/-/icons-5.2.6.tgz#2d4a9a37f531eb2a20cebec01d6fb69cf593900d"
    integrity sha512-4wn0WShF43TrggskBJPRqCD0fcHbzTYjnaoskdiJrVHg86yxoZ8ZUqsXvyn4WUqehRiFKnaclOhqk9w4Ui2KVw==
    dependencies:
      "@ant-design/colors" "^7.0.0"
      "@ant-design/icons-svg" "^4.3.0"
      "@babel/runtime" "^7.11.2"
      classnames "^2.2.6"
      rc-util "^5.31.1"
  
  "@ant-design/react-slick@~1.0.2":
    version "1.0.2"
    resolved "https://registry.yarnpkg.com/@ant-design/react-slick/-/react-slick-1.0.2.tgz#241bb412aeacf7ff5d50c61fa5db66773fde6b56"
    integrity sha512-Wj8onxL/T8KQLFFiCA4t8eIRGpRR+UPgOdac2sYzonv+i0n3kXHmvHLLiOYL655DQx2Umii9Y9nNgL7ssu5haQ==
    dependencies:
      "@babel/runtime" "^7.10.4"
      classnames "^2.2.5"
      json2mq "^0.2.0"
      resize-observer-polyfill "^1.5.1"
      throttle-debounce "^5.0.0"
  
  "@babel/runtime@^7.10.1", "@babel/runtime@^7.10.4", "@babel/runtime@^7.11.1", "@babel/runtime@^7.11.2", "@babel/runtime@^7.12.5", "@babel/runtime@^7.16.7", "@babel/runtime@^7.18.0", "@babel/runtime@^7.18.3", "@babel/runtime@^7.20.0", "@babel/runtime@^7.20.7", "@babel/runtime@^7.21.0", "@babel/runtime@^7.22.5", "@babel/runtime@^7.23.2", "@babel/runtime@^7.23.4", "@babel/runtime@^7.9.2":
    version "7.23.6"
    resolved "https://registry.yarnpkg.com/@babel/runtime/-/runtime-7.23.6.tgz#c05e610dc228855dc92ef1b53d07389ed8ab521d"
    integrity sha512-zHd0eUrf5GZoOWVCXp6koAKQTfZV07eit6bGPmJgnZdnSAvvZee6zniW2XMF7Cmc4ISOOnPy3QaSiIJGJkVEDQ==
    dependencies:
      regenerator-runtime "^0.14.0"
  
  "@ctrl/tinycolor@^3.4.0", "@ctrl/tinycolor@^3.6.0", "@ctrl/tinycolor@^3.6.1":
    version "3.6.1"
    resolved "https://registry.yarnpkg.com/@ctrl/tinycolor/-/tinycolor-3.6.1.tgz#b6c75a56a1947cc916ea058772d666a2c8932f31"
    integrity sha512-SITSV6aIXsuVNV3f3O0f2n/cgyEDWoSqtZMYiAmcsYHydcKrOz3gUxB/iXd/Qf08+IZX4KpgNbvUdMBmWz+kcA==
  
  "@emotion/hash@^0.8.0":
    version "0.8.0"
    resolved "https://registry.yarnpkg.com/@emotion/hash/-/hash-0.8.0.tgz#bbbff68978fefdbe68ccb533bc8cbe1d1afb5413"
    integrity sha512-kBJtf7PH6aWwZ6fka3zQ0p6SBYzx4fl1LoZXE2RrnYST9Xljm7WfKJrU4g/Xr3Beg72MLrp1AWNUmuYJTL7Cow==
  
  "@emotion/unitless@^0.7.5":
    version "0.7.5"
    resolved "https://registry.yarnpkg.com/@emotion/unitless/-/unitless-0.7.5.tgz#77211291c1900a700b8a78cfafda3160d76949ed"
    integrity sha512-OWORNpfjMsSSUBVrRBVGECkhWcULOAJz9ZW8uK9qgxD+87M7jHRcvh/A96XXNhXTLmKcoYSQtBEX7lHMO7YRwg==
  
  "@rc-component/color-picker@~1.4.1":
    version "1.4.1"
    resolved "https://registry.yarnpkg.com/@rc-component/color-picker/-/color-picker-1.4.1.tgz#dcab0b660e9c4ed63a7582db68ed4a77c862cb93"
    integrity sha512-vh5EWqnsayZa/JwUznqDaPJz39jznx/YDbyBuVJntv735tKXKwEUZZb2jYEldOg+NKWZwtALjGMrNeGBmqFoEw==
    dependencies:
      "@babel/runtime" "^7.10.1"
      "@ctrl/tinycolor" "^3.6.0"
      classnames "^2.2.6"
      rc-util "^5.30.0"
  
  "@rc-component/context@^1.4.0":
    version "1.4.0"
    resolved "https://registry.yarnpkg.com/@rc-component/context/-/context-1.4.0.tgz#dc6fb021d6773546af8f016ae4ce9aea088395e8"
    integrity sha512-kFcNxg9oLRMoL3qki0OMxK+7g5mypjgaaJp/pkOis/6rVxma9nJBF/8kCIuTYHUQNr0ii7MxqE33wirPZLJQ2w==
    dependencies:
      "@babel/runtime" "^7.10.1"
      rc-util "^5.27.0"
  
  "@rc-component/mini-decimal@^1.0.1":
    version "1.1.0"
    resolved "https://registry.yarnpkg.com/@rc-component/mini-decimal/-/mini-decimal-1.1.0.tgz#7b7a362b14a0a54cb5bc6fd2b82731f29f11d9b0"
    integrity sha512-jS4E7T9Li2GuYwI6PyiVXmxTiM6b07rlD9Ge8uGZSCz3WlzcG5ZK7g5bbuKNeZ9pgUuPK/5guV781ujdVpm4HQ==
    dependencies:
      "@babel/runtime" "^7.18.0"
  
  "@rc-component/mutate-observer@^1.1.0":
    version "1.1.0"
    resolved "https://registry.yarnpkg.com/@rc-component/mutate-observer/-/mutate-observer-1.1.0.tgz#ee53cc88b78aade3cd0653609215a44779386fd8"
    integrity sha512-QjrOsDXQusNwGZPf4/qRQasg7UFEj06XiCJ8iuiq/Io7CrHrgVi6Uuetw60WAMG1799v+aM8kyc+1L/GBbHSlw==
    dependencies:
      "@babel/runtime" "^7.18.0"
      classnames "^2.3.2"
      rc-util "^5.24.4"
  
  "@rc-component/portal@^1.0.0-8", "@rc-component/portal@^1.0.0-9", "@rc-component/portal@^1.0.2", "@rc-component/portal@^1.1.0", "@rc-component/portal@^1.1.1":
    version "1.1.2"
    resolved "https://registry.yarnpkg.com/@rc-component/portal/-/portal-1.1.2.tgz#55db1e51d784e034442e9700536faaa6ab63fc71"
    integrity sha512-6f813C0IsasTZms08kfA8kPAGxbbkYToa8ALaiDIGGECU4i9hj8Plgbx0sNJDrey3EtHO30hmdaxtT0138xZcg==
    dependencies:
      "@babel/runtime" "^7.18.0"
      classnames "^2.3.2"
      rc-util "^5.24.4"
  
  "@rc-component/tour@~1.11.1":
    version "1.11.1"
    resolved "https://registry.yarnpkg.com/@rc-component/tour/-/tour-1.11.1.tgz#bb47af908fb6fcaf395402901a1fb505ef8fb1e6"
    integrity sha512-c9Lw3/oVinj5D64Rsp8aDLOXcgdViE+hq7bj0Qoo8fTuQEh9sSpUw5OZcum943JkjeIE4hLcc5FD4a5ANtMJ4w==
    dependencies:
      "@babel/runtime" "^7.18.0"
      "@rc-component/portal" "^1.0.0-9"
      "@rc-component/trigger" "^1.3.6"
      classnames "^2.3.2"
      rc-util "^5.24.4"
  
  "@rc-component/trigger@^1.17.0", "@rc-component/trigger@^1.18.0", "@rc-component/trigger@^1.18.2", "@rc-component/trigger@^1.3.6", "@rc-component/trigger@^1.5.0", "@rc-component/trigger@^1.7.0":
    version "1.18.2"
    resolved "https://registry.yarnpkg.com/@rc-component/trigger/-/trigger-1.18.2.tgz#dc52c4c66fa8aaccaf0710498f2429fc05454e3b"
    integrity sha512-jRLYgFgjLEPq3MvS87fIhcfuywFSRDaDrYw1FLku7Cm4esszvzTbA0JBsyacAyLrK9rF3TiHFcvoEDMzoD3CTA==
    dependencies:
      "@babel/runtime" "^7.23.2"
      "@rc-component/portal" "^1.1.0"
      classnames "^2.3.2"
      rc-motion "^2.0.0"
      rc-resize-observer "^1.3.1"
      rc-util "^5.38.0"
  
  "@reduxjs/toolkit@^2.0.1":
    version "2.0.1"
    resolved "https://registry.yarnpkg.com/@reduxjs/toolkit/-/toolkit-2.0.1.tgz#0a5233c1e35c1941b03aece39cceade3467a1062"
    integrity sha512-fxIjrR9934cmS8YXIGd9e7s1XRsEU++aFc9DVNMFMRTM5Vtsg2DCRMj21eslGtDt43IUf9bJL3h5bwUlZleibA==
    dependencies:
      immer "^10.0.3"
      redux "^5.0.0"
      redux-thunk "^3.1.0"
      reselect "^5.0.1"
  
  "@types/debug@^4.0.0":
    version "4.1.12"
    resolved "https://registry.yarnpkg.com/@types/debug/-/debug-4.1.12.tgz#a155f21690871953410df4b6b6f53187f0500917"
    integrity sha512-vIChWdVG3LG1SMxEvI/AK+FWJthlrqlTu7fbrlywTkkaONwk/UAGaULXRlf8vkzFBLVm0zkMdCquhL5aOjhXPQ==
    dependencies:
      "@types/ms" "*"
  
  "@types/hast@^2.0.0":
    version "2.3.9"
    resolved "https://registry.yarnpkg.com/@types/hast/-/hast-2.3.9.tgz#a9a1b5bbce46e8a1312e977364bacabc8e93d2cf"
    integrity sha512-pTHyNlaMD/oKJmS+ZZUyFUcsZeBZpC0lmGquw98CqRVNgAdJZJeD7GoeLiT6Xbx5rU9VCjSt0RwEvDgzh4obFw==
    dependencies:
      "@types/unist" "^2"
  
  "@types/hoist-non-react-statics@^3.3.0":
    version "3.3.5"
    resolved "https://registry.yarnpkg.com/@types/hoist-non-react-statics/-/hoist-non-react-statics-3.3.5.tgz#dab7867ef789d87e2b4b0003c9d65c49cc44a494"
    integrity sha512-SbcrWzkKBw2cdwRTwQAswfpB9g9LJWfjtUeW/jvNwbhC8cpmmNYVePa+ncbUe0rGTQ7G3Ff6mYUN2VMfLVr+Sg==
    dependencies:
      "@types/react" "*"
      hoist-non-react-statics "^3.3.0"
  
  "@types/mdast@^3.0.0":
    version "3.0.15"
    resolved "https://registry.yarnpkg.com/@types/mdast/-/mdast-3.0.15.tgz#49c524a263f30ffa28b71ae282f813ed000ab9f5"
    integrity sha512-LnwD+mUEfxWMa1QpDraczIn6k0Ee3SMicuYSSzS6ZYl2gKS09EClnJYGd8Du6rfc5r/GZEk5o1mRb8TaTj03sQ==
    dependencies:
      "@types/unist" "^2"
  
  "@types/mdast@^4.0.0":
    version "4.0.3"
    resolved "https://registry.yarnpkg.com/@types/mdast/-/mdast-4.0.3.tgz#1e011ff013566e919a4232d1701ad30d70cab333"
    integrity sha512-LsjtqsyF+d2/yFOYaN22dHZI1Cpwkrj+g06G8+qtUKlhovPW89YhqSnfKtMbkgmEtYpH2gydRNULd6y8mciAFg==
    dependencies:
      "@types/unist" "*"
  
  "@types/ms@*":
    version "0.7.34"
    resolved "https://registry.yarnpkg.com/@types/ms/-/ms-0.7.34.tgz#10964ba0dee6ac4cd462e2795b6bebd407303433"
    integrity sha512-nG96G3Wp6acyAgJqGasjODb+acrI7KltPiRxzHPXnP3NgI28bpQDRv53olbqGXbfcgF5aiiHmO3xpwEpS5Ld9g==
  
  "@types/prop-types@*", "@types/prop-types@^15.0.0":
    version "15.7.11"
    resolved "https://registry.yarnpkg.com/@types/prop-types/-/prop-types-15.7.11.tgz#2596fb352ee96a1379c657734d4b913a613ad563"
    integrity sha512-ga8y9v9uyeiLdpKddhxYQkxNDrfvuPrlFb0N1qnZZByvcElJaXthF1UhvCh9TLWJBEHeNtdnbysW7Y6Uq8CVng==
  
  "@types/react-dom@^18.2.18":
    version "18.2.18"
    resolved "https://registry.yarnpkg.com/@types/react-dom/-/react-dom-18.2.18.tgz#16946e6cd43971256d874bc3d0a72074bb8571dd"
    integrity sha512-TJxDm6OfAX2KJWJdMEVTwWke5Sc/E/RlnPGvGfS0W7+6ocy2xhDVQVh/KvC2Uf7kACs+gDytdusDSdWfWkaNzw==
    dependencies:
      "@types/react" "*"
  
  "@types/react-redux@^7.1.33":
    version "7.1.33"
    resolved "https://registry.yarnpkg.com/@types/react-redux/-/react-redux-7.1.33.tgz#53c5564f03f1ded90904e3c90f77e4bd4dc20b15"
    integrity sha512-NF8m5AjWCkert+fosDsN3hAlHzpjSiXlVy9EgQEmLoBhaNXbmyeGs/aj5dQzKuF+/q+S7JQagorGDW8pJ28Hmg==
    dependencies:
      "@types/hoist-non-react-statics" "^3.3.0"
      "@types/react" "*"
      hoist-non-react-statics "^3.3.0"
      redux "^4.0.0"
  
  "@types/react@*", "@types/react@^18.2.45":
    version "18.2.45"
    resolved "https://registry.yarnpkg.com/@types/react/-/react-18.2.45.tgz#253f4fac288e7e751ab3dc542000fb687422c15c"
    integrity sha512-TtAxCNrlrBp8GoeEp1npd5g+d/OejJHFxS3OWmrPBMFaVQMSN0OFySozJio5BHxTuTeug00AVXVAjfDSfk+lUg==
    dependencies:
      "@types/prop-types" "*"
      "@types/scheduler" "*"
      csstype "^3.0.2"
  
  "@types/scheduler@*":
    version "0.16.8"
    resolved "https://registry.yarnpkg.com/@types/scheduler/-/scheduler-0.16.8.tgz#ce5ace04cfeabe7ef87c0091e50752e36707deff"
    integrity sha512-WZLiwShhwLRmeV6zH+GkbOFT6Z6VklCItrDioxUnv+u4Ll+8vKeFySoFyK/0ctcRpOmwAicELfmys1sDc/Rw+A==
  
  "@types/unist@*", "@types/unist@^3.0.0":
    version "3.0.2"
    resolved "https://registry.yarnpkg.com/@types/unist/-/unist-3.0.2.tgz#6dd61e43ef60b34086287f83683a5c1b2dc53d20"
    integrity sha512-dqId9J8K/vGi5Zr7oo212BGii5m3q5Hxlkwy3WpYuKPklmBEvsbMYYyLxAQpSffdLl/gdW0XUpKWFvYmyoWCoQ==
  
  "@types/unist@^2", "@types/unist@^2.0.0":
    version "2.0.10"
    resolved "https://registry.yarnpkg.com/@types/unist/-/unist-2.0.10.tgz#04ffa7f406ab628f7f7e97ca23e290cd8ab15efc"
    integrity sha512-IfYcSBWE3hLpBg8+X2SEa8LVkJdJEkT2Ese2aaLs3ptGdVtABxndrMaxuFlQ1qdFf9Q5rDvDpxI3WwgvKFAsQA==
  
  "@types/use-sync-external-store@^0.0.3":
    version "0.0.3"
    resolved "https://registry.yarnpkg.com/@types/use-sync-external-store/-/use-sync-external-store-0.0.3.tgz#b6725d5f4af24ace33b36fafd295136e75509f43"
    integrity sha512-EwmlvuaxPNej9+T4v5AuBPJa2x2UOJVdjCtDHgcDqitUeOtjnJKJ+apYjVcAoBEMjKW1VVFGZLUb5+qqa09XFA==
  
  antd@^5.12.5:
    version "5.12.5"
    resolved "https://registry.yarnpkg.com/antd/-/antd-5.12.5.tgz#b4075a13c51483ee3721afddd28f9c7b342efb78"
    integrity sha512-m9r9VhTmANS4kdBwHcxI4QWIGoZh3LspXNb2SxoezRSUZ9RUFpf+gO0AjPx8EPeO/nLKsHAoCSLza9r041bAgw==
    dependencies:
      "@ant-design/colors" "^7.0.0"
      "@ant-design/cssinjs" "^1.18.1"
      "@ant-design/icons" "^5.2.6"
      "@ant-design/react-slick" "~1.0.2"
      "@babel/runtime" "^7.23.4"
      "@ctrl/tinycolor" "^3.6.1"
      "@rc-component/color-picker" "~1.4.1"
      "@rc-component/mutate-observer" "^1.1.0"
      "@rc-component/tour" "~1.11.1"
      "@rc-component/trigger" "^1.18.2"
      classnames "^2.3.2"
      copy-to-clipboard "^3.3.3"
      dayjs "^1.11.1"
      qrcode.react "^3.1.0"
      rc-cascader "~3.20.0"
      rc-checkbox "~3.1.0"
      rc-collapse "~3.7.2"
      rc-dialog "~9.3.4"
      rc-drawer "~6.5.2"
      rc-dropdown "~4.1.0"
      rc-field-form "~1.41.0"
      rc-image "~7.5.1"
      rc-input "~1.3.11"
      rc-input-number "~8.4.0"
      rc-mentions "~2.9.1"
      rc-menu "~9.12.4"
      rc-motion "^2.9.0"
      rc-notification "~5.3.0"
      rc-pagination "~4.0.3"
      rc-picker "~3.14.6"
      rc-progress "~3.5.1"
      rc-rate "~2.12.0"
      rc-resize-observer "^1.4.0"
      rc-segmented "~2.2.2"
      rc-select "~14.10.0"
      rc-slider "~10.5.0"
      rc-steps "~6.0.1"
      rc-switch "~4.1.0"
      rc-table "~7.36.1"
      rc-tabs "~12.14.1"
      rc-textarea "~1.5.3"
      rc-tooltip "~6.1.3"
      rc-tree "~5.8.2"
      rc-tree-select "~5.15.0"
      rc-upload "~4.3.5"
      rc-util "^5.38.1"
      scroll-into-view-if-needed "^3.1.0"
      throttle-debounce "^5.0.0"
  
  array-tree-filter@^2.1.0:
    version "2.1.0"
    resolved "https://registry.yarnpkg.com/array-tree-filter/-/array-tree-filter-2.1.0.tgz#873ac00fec83749f255ac8dd083814b4f6329190"
    integrity sha512-4ROwICNlNw/Hqa9v+rk5h22KjmzB1JGTMVKP2AKJBOCgb0yL0ASf0+YvCcLNNwquOHNX48jkeZIJ3a+oOQqKcw==
  
  async-validator@^4.1.0:
    version "4.2.5"
    resolved "https://registry.yarnpkg.com/async-validator/-/async-validator-4.2.5.tgz#c96ea3332a521699d0afaaceed510a54656c6339"
    integrity sha512-7HhHjtERjqlNbZtqNqy2rckN/SpOOlmDliet+lP7k+eKZEjPk3DgyeU9lIXLdeLz0uBbbVp+9Qdow9wJWgwwfg==
  
  bail@^2.0.0:
    version "2.0.2"
    resolved "https://registry.yarnpkg.com/bail/-/bail-2.0.2.tgz#d26f5cd8fe5d6f832a31517b9f7c356040ba6d5d"
    integrity sha512-0xO6mYd7JB2YesxDKplafRpsiOzPt9V02ddPCLbY1xYGPOX24NTyN50qnUxgCPcSoYMhKpAuBTjQoRZCAkUDRw==
  
  ccount@^2.0.0:
    version "2.0.1"
    resolved "https://registry.yarnpkg.com/ccount/-/ccount-2.0.1.tgz#17a3bf82302e0870d6da43a01311a8bc02a3ecf5"
    integrity sha512-eyrF0jiFpY+3drT6383f1qhkbGsLSifNAjA61IUjZjmLCWjItY6LB9ft9YhoDgwfmclB2zhu51Lc7+95b8NRAg==
  
  character-entities@^2.0.0:
    version "2.0.2"
    resolved "https://registry.yarnpkg.com/character-entities/-/character-entities-2.0.2.tgz#2d09c2e72cd9523076ccb21157dff66ad43fcc22"
    integrity sha512-shx7oQ0Awen/BRIdkjkvz54PnEEI/EjwXDSIZp86/KKdbafHh1Df/RYGBhn4hbe2+uKC9FnT5UCEdyPz3ai9hQ==
  
  classnames@2.x, classnames@^2.2.1, classnames@^2.2.3, classnames@^2.2.5, classnames@^2.2.6, classnames@^2.3.1, classnames@^2.3.2:
    version "2.3.2"
    resolved "https://registry.yarnpkg.com/classnames/-/classnames-2.3.2.tgz#351d813bf0137fcc6a76a16b88208d2560a0d924"
    integrity sha512-CSbhY4cFEJRe6/GQzIk5qXZ4Jeg5pcsP7b5peFSDpffpe1cqjASH/n9UTjBwOp6XpMSTwQ8Za2K5V02ueA7Tmw==
  
  comma-separated-tokens@^2.0.0:
    version "2.0.3"
    resolved "https://registry.yarnpkg.com/comma-separated-tokens/-/comma-separated-tokens-2.0.3.tgz#4e89c9458acb61bc8fef19f4529973b2392839ee"
    integrity sha512-Fu4hJdvzeylCfQPp9SGWidpzrMs7tTrlu6Vb8XGaRGck8QSNZJJp538Wrb60Lax4fPwR64ViY468OIUTbRlGZg==
  
  compute-scroll-into-view@^3.0.2:
    version "3.1.0"
    resolved "https://registry.yarnpkg.com/compute-scroll-into-view/-/compute-scroll-into-view-3.1.0.tgz#753f11d972596558d8fe7c6bcbc8497690ab4c87"
    integrity sha512-rj8l8pD4bJ1nx+dAkMhV1xB5RuZEyVysfxJqB1pRchh1KVvwOv9b7CGB8ZfjTImVv2oF+sYMUkMZq6Na5Ftmbg==
  
  copy-to-clipboard@^3.3.3:
    version "3.3.3"
    resolved "https://registry.yarnpkg.com/copy-to-clipboard/-/copy-to-clipboard-3.3.3.tgz#55ac43a1db8ae639a4bd99511c148cdd1b83a1b0"
    integrity sha512-2KV8NhB5JqC3ky0r9PMCAZKbUHSwtEo4CwCs0KXgruG43gX5PMqDEBbVU4OUzw2MuAWUfsuFmWvEKG5QRfSnJA==
    dependencies:
      toggle-selection "^1.0.6"
  
  csstype@3.1.2:
    version "3.1.2"
    resolved "https://registry.yarnpkg.com/csstype/-/csstype-3.1.2.tgz#1d4bf9d572f11c14031f0436e1c10bc1f571f50b"
    integrity sha512-I7K1Uu0MBPzaFKg4nI5Q7Vs2t+3gWWW648spaF+Rg7pI9ds18Ugn+lvg4SHczUdKlHI5LWBXyqfS8+DufyBsgQ==
  
  csstype@^3.0.2:
    version "3.1.3"
    resolved "https://registry.yarnpkg.com/csstype/-/csstype-3.1.3.tgz#d80ff294d114fb0e6ac500fbf85b60137d7eff81"
    integrity sha512-M1uQkMl8rQK/szD0LNhtqxIPLpimGm8sOBwU7lLnCpSbTyY3yeU1Vc7l4KT5zT4s/yOxHH5O7tIuuLOCnLADRw==
  
  dayjs@^1.11.1:
    version "1.11.10"
    resolved "https://registry.yarnpkg.com/dayjs/-/dayjs-1.11.10.tgz#68acea85317a6e164457d6d6947564029a6a16a0"
    integrity sha512-vjAczensTgRcqDERK0SR2XMwsF/tSvnvlv6VcF2GIhg6Sx4yOIt/irsr1RDJsKiIyBzJDpCoXiWWq28MqH2cnQ==
  
  debug@^4.0.0:
    version "4.3.4"
    resolved "https://registry.yarnpkg.com/debug/-/debug-4.3.4.tgz#1319f6579357f2338d3337d2cdd4914bb5dcc865"
    integrity sha512-PRWFHuSU3eDtQJPvnNY7Jcket1j0t5OuOsFzPPzsekD52Zl8qUfFIPEiswXqIvHWGVHOgX+7G/vCNNhehwxfkQ==
    dependencies:
      ms "2.1.2"
  
  decode-named-character-reference@^1.0.0:
    version "1.0.2"
    resolved "https://registry.yarnpkg.com/decode-named-character-reference/-/decode-named-character-reference-1.0.2.tgz#daabac9690874c394c81e4162a0304b35d824f0e"
    integrity sha512-O8x12RzrUF8xyVcY0KJowWsmaJxQbmy0/EtnNtHRpsOcT7dFk5W598coHqBVpmWo1oQQfsCqfCmkZN5DJrZVdg==
    dependencies:
      character-entities "^2.0.0"
  
  dequal@^2.0.0:
    version "2.0.3"
    resolved "https://registry.yarnpkg.com/dequal/-/dequal-2.0.3.tgz#2644214f1997d39ed0ee0ece72335490a7ac67be"
    integrity sha512-0je+qPKHEMohvfRTCEo3CrPG6cAzAYgmzKyxRiYSSDkS6eGJdyVJm7WaYA5ECaAD9wLB2T4EEeymA5aFVcYXCA==
  
  devlop@^1.0.0, devlop@^1.1.0:
    version "1.1.0"
    resolved "https://registry.yarnpkg.com/devlop/-/devlop-1.1.0.tgz#4db7c2ca4dc6e0e834c30be70c94bbc976dc7018"
    integrity sha512-RWmIqhcFf1lRYBvNmr7qTNuyCt/7/ns2jbpp1+PalgE/rDQcBT0fioSMUpJ93irlUhC5hrg4cYqe6U+0ImW0rA==
    dependencies:
      dequal "^2.0.0"
  
  diff@^5.0.0:
    version "5.1.0"
    resolved "https://registry.yarnpkg.com/diff/-/diff-5.1.0.tgz#bc52d298c5ea8df9194800224445ed43ffc87e40"
    integrity sha512-D+mk+qE8VC/PAUrlAU34N+VfXev0ghe5ywmpqrawphmVZc1bEfn56uo9qpyGp1p4xpzOHkSW4ztBd6L7Xx4ACw==
  
  escape-string-regexp@^5.0.0:
    version "5.0.0"
    resolved "https://registry.yarnpkg.com/escape-string-regexp/-/escape-string-regexp-5.0.0.tgz#4683126b500b61762f2dbebace1806e8be31b1c8"
    integrity sha512-/veY75JbMK4j1yjvuUxuVsiS/hr/4iHs9FTT6cgTexxdE0Ly/glccBAkloH/DofkjRbZU3bnoj38mOmhkZ0lHw==
  
  extend@^3.0.0:
    version "3.0.2"
    resolved "https://registry.yarnpkg.com/extend/-/extend-3.0.2.tgz#f8b1136b4071fbd8eb140aff858b1019ec2915fa"
    integrity sha512-fjquC59cD7CyW6urNXK0FBufkZcoiGG80wTuPujX590cB5Ttln20E2UB4S/WARVqhXffZl2LNgS+gQdPIIim/g==
  
  hast-util-whitespace@^2.0.0:
    version "2.0.1"
    resolved "https://registry.yarnpkg.com/hast-util-whitespace/-/hast-util-whitespace-2.0.1.tgz#0ec64e257e6fc216c7d14c8a1b74d27d650b4557"
    integrity sha512-nAxA0v8+vXSBDt3AnRUNjyRIQ0rD+ntpbAp4LnPkumc5M9yUbSMa4XDU9Q6etY4f1Wp4bNgvc1yjiZtsTTrSng==
  
  hoist-non-react-statics@^3.3.0:
    version "3.3.2"
    resolved "https://registry.yarnpkg.com/hoist-non-react-statics/-/hoist-non-react-statics-3.3.2.tgz#ece0acaf71d62c2969c2ec59feff42a4b1a85b45"
    integrity sha512-/gGivxi8JPKWNm/W0jSmzcMPpfpPLc3dY/6GxhX2hQ9iGj3aDfklV4ET7NjKpSinLpJ5vafa9iiGIEZg10SfBw==
    dependencies:
      react-is "^16.7.0"
  
  immer@^10.0.3:
    version "10.0.3"
    resolved "https://registry.yarnpkg.com/immer/-/immer-10.0.3.tgz#a8de42065e964aa3edf6afc282dfc7f7f34ae3c9"
    integrity sha512-pwupu3eWfouuaowscykeckFmVTpqbzW+rXFCX8rQLkZzM9ftBmU/++Ra+o+L27mz03zJTlyV4UUr+fdKNffo4A==
  
  inline-style-parser@0.1.1:
    version "0.1.1"
    resolved "https://registry.yarnpkg.com/inline-style-parser/-/inline-style-parser-0.1.1.tgz#ec8a3b429274e9c0a1f1c4ffa9453a7fef72cea1"
    integrity sha512-7NXolsK4CAS5+xvdj5OMMbI962hU/wvwoxk+LWR9Ek9bVtyuuYScDN6eS0rUm6TxApFpw7CX1o4uJzcd4AyD3Q==
  
  is-buffer@^2.0.0:
    version "2.0.5"
    resolved "https://registry.yarnpkg.com/is-buffer/-/is-buffer-2.0.5.tgz#ebc252e400d22ff8d77fa09888821a24a658c191"
    integrity sha512-i2R6zNFDwgEHJyQUtJEk0XFi1i0dPFn/oqjK3/vPCcDeJvW5NQ83V8QbicfF1SupOaB0h8ntgBC2YiE7dfyctQ==
  
  is-plain-obj@^4.0.0:
    version "4.1.0"
    resolved "https://registry.yarnpkg.com/is-plain-obj/-/is-plain-obj-4.1.0.tgz#d65025edec3657ce032fd7db63c97883eaed71f0"
    integrity sha512-+Pgi+vMuUNkJyExiMBt5IlFoMyKnr5zhJ4Uspz58WOhBF5QoIZkFyNHIbBAtHwzVAgk5RtndVNsDRN61/mmDqg==
  
  "js-tokens@^3.0.0 || ^4.0.0":
    version "4.0.0"
    resolved "https://registry.yarnpkg.com/js-tokens/-/js-tokens-4.0.0.tgz#19203fb59991df98e3a287050d4647cdeaf32499"
    integrity sha512-RdJUflcE3cUzKiMqQgsCu06FPu9UdIJO0beYbPhHN4k6apgJtifcoCtT9bcxOpYBtpD2kCM6Sbzg4CausW/PKQ==
  
  json2mq@^0.2.0:
    version "0.2.0"
    resolved "https://registry.yarnpkg.com/json2mq/-/json2mq-0.2.0.tgz#b637bd3ba9eabe122c83e9720483aeb10d2c904a"
    integrity sha512-SzoRg7ux5DWTII9J2qkrZrqV1gt+rTaoufMxEzXbS26Uid0NwaJd123HcoB80TgubEppxxIGdNxCx50fEoEWQA==
    dependencies:
      string-convert "^0.2.0"
  
  kleur@^4.0.3:
    version "4.1.5"
    resolved "https://registry.yarnpkg.com/kleur/-/kleur-4.1.5.tgz#95106101795f7050c6c650f350c683febddb1780"
    integrity sha512-o+NO+8WrRiQEE4/7nwRJhN1HWpVmJm511pBHUxPLtp0BUISzlBplORYSmTclCnJvQq2tKu/sgl3xVpkc7ZWuQQ==
  
  longest-streak@^3.0.0:
    version "3.1.0"
    resolved "https://registry.yarnpkg.com/longest-streak/-/longest-streak-3.1.0.tgz#62fa67cd958742a1574af9f39866364102d90cd4"
    integrity sha512-9Ri+o0JYgehTaVBBDoMqIl8GXtbWg711O3srftcHhZ0dqnETqLaoIK0x17fUw9rFSlK/0NlsKe0Ahhyl5pXE2g==
  
  loose-envify@^1.1.0, loose-envify@^1.4.0:
    version "1.4.0"
    resolved "https://registry.yarnpkg.com/loose-envify/-/loose-envify-1.4.0.tgz#71ee51fa7be4caec1a63839f7e682d8132d30caf"
    integrity sha512-lyuxPGr/Wfhrlem2CL/UcnUc1zcqKAImBDzukY7Y5F/yQiNdko6+fRLevlw1HgMySw7f611UIY408EtxRSoK3Q==
    dependencies:
      js-tokens "^3.0.0 || ^4.0.0"
  
  markdown-table@^3.0.0:
    version "3.0.3"
    resolved "https://registry.yarnpkg.com/markdown-table/-/markdown-table-3.0.3.tgz#e6331d30e493127e031dd385488b5bd326e4a6bd"
    integrity sha512-Z1NL3Tb1M9wH4XESsCDEksWoKTdlUafKc4pt0GRwjUyXaCFZ+dc3g2erqB6zm3szA2IUSi7VnPI+o/9jnxh9hw==
  
  mdast-util-definitions@^5.0.0:
    version "5.1.2"
    resolved "https://registry.yarnpkg.com/mdast-util-definitions/-/mdast-util-definitions-5.1.2.tgz#9910abb60ac5d7115d6819b57ae0bcef07a3f7a7"
    integrity sha512-8SVPMuHqlPME/z3gqVwWY4zVXn8lqKv/pAhC57FuJ40ImXyBpmO5ukh98zB2v7Blql2FiHjHv9LVztSIqjY+MA==
    dependencies:
      "@types/mdast" "^3.0.0"
      "@types/unist" "^2.0.0"
      unist-util-visit "^4.0.0"
  
  mdast-util-find-and-replace@^3.0.0:
    version "3.0.1"
    resolved "https://registry.yarnpkg.com/mdast-util-find-and-replace/-/mdast-util-find-and-replace-3.0.1.tgz#a6fc7b62f0994e973490e45262e4bc07607b04e0"
    integrity sha512-SG21kZHGC3XRTSUhtofZkBzZTJNM5ecCi0SK2IMKmSXR8vO3peL+kb1O0z7Zl83jKtutG4k5Wv/W7V3/YHvzPA==
    dependencies:
      "@types/mdast" "^4.0.0"
      escape-string-regexp "^5.0.0"
      unist-util-is "^6.0.0"
      unist-util-visit-parents "^6.0.0"
  
  mdast-util-from-markdown@^1.0.0:
    version "1.3.1"
    resolved "https://registry.yarnpkg.com/mdast-util-from-markdown/-/mdast-util-from-markdown-1.3.1.tgz#9421a5a247f10d31d2faed2a30df5ec89ceafcf0"
    integrity sha512-4xTO/M8c82qBcnQc1tgpNtubGUW/Y1tBQ1B0i5CtSoelOLKFYlElIr3bvgREYYO5iRqbMY1YuqZng0GVOI8Qww==
    dependencies:
      "@types/mdast" "^3.0.0"
      "@types/unist" "^2.0.0"
      decode-named-character-reference "^1.0.0"
      mdast-util-to-string "^3.1.0"
      micromark "^3.0.0"
      micromark-util-decode-numeric-character-reference "^1.0.0"
      micromark-util-decode-string "^1.0.0"
      micromark-util-normalize-identifier "^1.0.0"
      micromark-util-symbol "^1.0.0"
      micromark-util-types "^1.0.0"
      unist-util-stringify-position "^3.0.0"
      uvu "^0.5.0"
  
  mdast-util-from-markdown@^2.0.0:
    version "2.0.0"
    resolved "https://registry.yarnpkg.com/mdast-util-from-markdown/-/mdast-util-from-markdown-2.0.0.tgz#52f14815ec291ed061f2922fd14d6689c810cb88"
    integrity sha512-n7MTOr/z+8NAX/wmhhDji8O3bRvPTV/U0oTCaZJkjhPSKTPhS3xufVhKGF8s1pJ7Ox4QgoIU7KHseh09S+9rTA==
    dependencies:
      "@types/mdast" "^4.0.0"
      "@types/unist" "^3.0.0"
      decode-named-character-reference "^1.0.0"
      devlop "^1.0.0"
      mdast-util-to-string "^4.0.0"
      micromark "^4.0.0"
      micromark-util-decode-numeric-character-reference "^2.0.0"
      micromark-util-decode-string "^2.0.0"
      micromark-util-normalize-identifier "^2.0.0"
      micromark-util-symbol "^2.0.0"
      micromark-util-types "^2.0.0"
      unist-util-stringify-position "^4.0.0"
  
  mdast-util-gfm-autolink-literal@^2.0.0:
    version "2.0.0"
    resolved "https://registry.yarnpkg.com/mdast-util-gfm-autolink-literal/-/mdast-util-gfm-autolink-literal-2.0.0.tgz#5baf35407421310a08e68c15e5d8821e8898ba2a"
    integrity sha512-FyzMsduZZHSc3i0Px3PQcBT4WJY/X/RCtEJKuybiC6sjPqLv7h1yqAkmILZtuxMSsUyaLUWNp71+vQH2zqp5cg==
    dependencies:
      "@types/mdast" "^4.0.0"
      ccount "^2.0.0"
      devlop "^1.0.0"
      mdast-util-find-and-replace "^3.0.0"
      micromark-util-character "^2.0.0"
  
  mdast-util-gfm-footnote@^2.0.0:
    version "2.0.0"
    resolved "https://registry.yarnpkg.com/mdast-util-gfm-footnote/-/mdast-util-gfm-footnote-2.0.0.tgz#25a1753c7d16db8bfd53cd84fe50562bd1e6d6a9"
    integrity sha512-5jOT2boTSVkMnQ7LTrd6n/18kqwjmuYqo7JUPe+tRCY6O7dAuTFMtTPauYYrMPpox9hlN0uOx/FL8XvEfG9/mQ==
    dependencies:
      "@types/mdast" "^4.0.0"
      devlop "^1.1.0"
      mdast-util-from-markdown "^2.0.0"
      mdast-util-to-markdown "^2.0.0"
      micromark-util-normalize-identifier "^2.0.0"
  
  mdast-util-gfm-strikethrough@^2.0.0:
    version "2.0.0"
    resolved "https://registry.yarnpkg.com/mdast-util-gfm-strikethrough/-/mdast-util-gfm-strikethrough-2.0.0.tgz#d44ef9e8ed283ac8c1165ab0d0dfd058c2764c16"
    integrity sha512-mKKb915TF+OC5ptj5bJ7WFRPdYtuHv0yTRxK2tJvi+BDqbkiG7h7u/9SI89nRAYcmap2xHQL9D+QG/6wSrTtXg==
    dependencies:
      "@types/mdast" "^4.0.0"
      mdast-util-from-markdown "^2.0.0"
      mdast-util-to-markdown "^2.0.0"
  
  mdast-util-gfm-table@^2.0.0:
    version "2.0.0"
    resolved "https://registry.yarnpkg.com/mdast-util-gfm-table/-/mdast-util-gfm-table-2.0.0.tgz#7a435fb6223a72b0862b33afbd712b6dae878d38"
    integrity sha512-78UEvebzz/rJIxLvE7ZtDd/vIQ0RHv+3Mh5DR96p7cS7HsBhYIICDBCu8csTNWNO6tBWfqXPWekRuj2FNOGOZg==
    dependencies:
      "@types/mdast" "^4.0.0"
      devlop "^1.0.0"
      markdown-table "^3.0.0"
      mdast-util-from-markdown "^2.0.0"
      mdast-util-to-markdown "^2.0.0"
  
  mdast-util-gfm-task-list-item@^2.0.0:
    version "2.0.0"
    resolved "https://registry.yarnpkg.com/mdast-util-gfm-task-list-item/-/mdast-util-gfm-task-list-item-2.0.0.tgz#e68095d2f8a4303ef24094ab642e1047b991a936"
    integrity sha512-IrtvNvjxC1o06taBAVJznEnkiHxLFTzgonUdy8hzFVeDun0uTjxxrRGVaNFqkU1wJR3RBPEfsxmU6jDWPofrTQ==
    dependencies:
      "@types/mdast" "^4.0.0"
      devlop "^1.0.0"
      mdast-util-from-markdown "^2.0.0"
      mdast-util-to-markdown "^2.0.0"
  
  mdast-util-gfm@^3.0.0:
    version "3.0.0"
    resolved "https://registry.yarnpkg.com/mdast-util-gfm/-/mdast-util-gfm-3.0.0.tgz#3f2aecc879785c3cb6a81ff3a243dc11eca61095"
    integrity sha512-dgQEX5Amaq+DuUqf26jJqSK9qgixgd6rYDHAv4aTBuA92cTknZlKpPfa86Z/s8Dj8xsAQpFfBmPUHWJBWqS4Bw==
    dependencies:
      mdast-util-from-markdown "^2.0.0"
      mdast-util-gfm-autolink-literal "^2.0.0"
      mdast-util-gfm-footnote "^2.0.0"
      mdast-util-gfm-strikethrough "^2.0.0"
      mdast-util-gfm-table "^2.0.0"
      mdast-util-gfm-task-list-item "^2.0.0"
      mdast-util-to-markdown "^2.0.0"
  
  mdast-util-phrasing@^4.0.0:
    version "4.0.0"
    resolved "https://registry.yarnpkg.com/mdast-util-phrasing/-/mdast-util-phrasing-4.0.0.tgz#468cbbb277375523de807248b8ad969feb02a5c7"
    integrity sha512-xadSsJayQIucJ9n053dfQwVu1kuXg7jCTdYsMK8rqzKZh52nLfSH/k0sAxE0u+pj/zKZX+o5wB+ML5mRayOxFA==
    dependencies:
      "@types/mdast" "^4.0.0"
      unist-util-is "^6.0.0"
  
  mdast-util-to-hast@^12.1.0:
    version "12.3.0"
    resolved "https://registry.yarnpkg.com/mdast-util-to-hast/-/mdast-util-to-hast-12.3.0.tgz#045d2825fb04374e59970f5b3f279b5700f6fb49"
    integrity sha512-pits93r8PhnIoU4Vy9bjW39M2jJ6/tdHyja9rrot9uujkN7UTU9SDnE6WNJz/IGyQk3XHX6yNNtrBH6cQzm8Hw==
    dependencies:
      "@types/hast" "^2.0.0"
      "@types/mdast" "^3.0.0"
      mdast-util-definitions "^5.0.0"
      micromark-util-sanitize-uri "^1.1.0"
      trim-lines "^3.0.0"
      unist-util-generated "^2.0.0"
      unist-util-position "^4.0.0"
      unist-util-visit "^4.0.0"
  
  mdast-util-to-markdown@^2.0.0:
    version "2.1.0"
    resolved "https://registry.yarnpkg.com/mdast-util-to-markdown/-/mdast-util-to-markdown-2.1.0.tgz#9813f1d6e0cdaac7c244ec8c6dabfdb2102ea2b4"
    integrity sha512-SR2VnIEdVNCJbP6y7kVTJgPLifdr8WEU440fQec7qHoHOUz/oJ2jmNRqdDQ3rbiStOXb2mCDGTuwsK5OPUgYlQ==
    dependencies:
      "@types/mdast" "^4.0.0"
      "@types/unist" "^3.0.0"
      longest-streak "^3.0.0"
      mdast-util-phrasing "^4.0.0"
      mdast-util-to-string "^4.0.0"
      micromark-util-decode-string "^2.0.0"
      unist-util-visit "^5.0.0"
      zwitch "^2.0.0"
  
  mdast-util-to-string@^3.1.0:
    version "3.2.0"
    resolved "https://registry.yarnpkg.com/mdast-util-to-string/-/mdast-util-to-string-3.2.0.tgz#66f7bb6324756741c5f47a53557f0cbf16b6f789"
    integrity sha512-V4Zn/ncyN1QNSqSBxTrMOLpjr+IKdHl2v3KVLoWmDPscP4r9GcCi71gjgvUV1SFSKh92AjAG4peFuBl2/YgCJg==
    dependencies:
      "@types/mdast" "^3.0.0"
  
  mdast-util-to-string@^4.0.0:
    version "4.0.0"
    resolved "https://registry.yarnpkg.com/mdast-util-to-string/-/mdast-util-to-string-4.0.0.tgz#7a5121475556a04e7eddeb67b264aae79d312814"
    integrity sha512-0H44vDimn51F0YwvxSJSm0eCDOJTRlmN0R1yBh4HLj9wiV1Dn0QoXGbvFAWj2hSItVTlCmBF1hqKlIyUBVFLPg==
    dependencies:
      "@types/mdast" "^4.0.0"
  
  micromark-core-commonmark@^1.0.1:
    version "1.1.0"
    resolved "https://registry.yarnpkg.com/micromark-core-commonmark/-/micromark-core-commonmark-1.1.0.tgz#1386628df59946b2d39fb2edfd10f3e8e0a75bb8"
    integrity sha512-BgHO1aRbolh2hcrzL2d1La37V0Aoz73ymF8rAcKnohLy93titmv62E0gP8Hrx9PKcKrqCZ1BbLGbP3bEhoXYlw==
    dependencies:
      decode-named-character-reference "^1.0.0"
      micromark-factory-destination "^1.0.0"
      micromark-factory-label "^1.0.0"
      micromark-factory-space "^1.0.0"
      micromark-factory-title "^1.0.0"
      micromark-factory-whitespace "^1.0.0"
      micromark-util-character "^1.0.0"
      micromark-util-chunked "^1.0.0"
      micromark-util-classify-character "^1.0.0"
      micromark-util-html-tag-name "^1.0.0"
      micromark-util-normalize-identifier "^1.0.0"
      micromark-util-resolve-all "^1.0.0"
      micromark-util-subtokenize "^1.0.0"
      micromark-util-symbol "^1.0.0"
      micromark-util-types "^1.0.1"
      uvu "^0.5.0"
  
  micromark-core-commonmark@^2.0.0:
    version "2.0.0"
    resolved "https://registry.yarnpkg.com/micromark-core-commonmark/-/micromark-core-commonmark-2.0.0.tgz#50740201f0ee78c12a675bf3e68ffebc0bf931a3"
    integrity sha512-jThOz/pVmAYUtkroV3D5c1osFXAMv9e0ypGDOIZuCeAe91/sD6BoE2Sjzt30yuXtwOYUmySOhMas/PVyh02itA==
    dependencies:
      decode-named-character-reference "^1.0.0"
      devlop "^1.0.0"
      micromark-factory-destination "^2.0.0"
      micromark-factory-label "^2.0.0"
      micromark-factory-space "^2.0.0"
      micromark-factory-title "^2.0.0"
      micromark-factory-whitespace "^2.0.0"
      micromark-util-character "^2.0.0"
      micromark-util-chunked "^2.0.0"
      micromark-util-classify-character "^2.0.0"
      micromark-util-html-tag-name "^2.0.0"
      micromark-util-normalize-identifier "^2.0.0"
      micromark-util-resolve-all "^2.0.0"
      micromark-util-subtokenize "^2.0.0"
      micromark-util-symbol "^2.0.0"
      micromark-util-types "^2.0.0"
  
  micromark-extension-gfm-autolink-literal@^2.0.0:
    version "2.0.0"
    resolved "https://registry.yarnpkg.com/micromark-extension-gfm-autolink-literal/-/micromark-extension-gfm-autolink-literal-2.0.0.tgz#f1e50b42e67d441528f39a67133eddde2bbabfd9"
    integrity sha512-rTHfnpt/Q7dEAK1Y5ii0W8bhfJlVJFnJMHIPisfPK3gpVNuOP0VnRl96+YJ3RYWV/P4gFeQoGKNlT3RhuvpqAg==
    dependencies:
      micromark-util-character "^2.0.0"
      micromark-util-sanitize-uri "^2.0.0"
      micromark-util-symbol "^2.0.0"
      micromark-util-types "^2.0.0"
  
  micromark-extension-gfm-footnote@^2.0.0:
    version "2.0.0"
    resolved "https://registry.yarnpkg.com/micromark-extension-gfm-footnote/-/micromark-extension-gfm-footnote-2.0.0.tgz#91afad310065a94b636ab1e9dab2c60d1aab953c"
    integrity sha512-6Rzu0CYRKDv3BfLAUnZsSlzx3ak6HAoI85KTiijuKIz5UxZxbUI+pD6oHgw+6UtQuiRwnGRhzMmPRv4smcz0fg==
    dependencies:
      devlop "^1.0.0"
      micromark-core-commonmark "^2.0.0"
      micromark-factory-space "^2.0.0"
      micromark-util-character "^2.0.0"
      micromark-util-normalize-identifier "^2.0.0"
      micromark-util-sanitize-uri "^2.0.0"
      micromark-util-symbol "^2.0.0"
      micromark-util-types "^2.0.0"
  
  micromark-extension-gfm-strikethrough@^2.0.0:
    version "2.0.0"
    resolved "https://registry.yarnpkg.com/micromark-extension-gfm-strikethrough/-/micromark-extension-gfm-strikethrough-2.0.0.tgz#6917db8e320da70e39ffbf97abdbff83e6783e61"
    integrity sha512-c3BR1ClMp5fxxmwP6AoOY2fXO9U8uFMKs4ADD66ahLTNcwzSCyRVU4k7LPV5Nxo/VJiR4TdzxRQY2v3qIUceCw==
    dependencies:
      devlop "^1.0.0"
      micromark-util-chunked "^2.0.0"
      micromark-util-classify-character "^2.0.0"
      micromark-util-resolve-all "^2.0.0"
      micromark-util-symbol "^2.0.0"
      micromark-util-types "^2.0.0"
  
  micromark-extension-gfm-table@^2.0.0:
    version "2.0.0"
    resolved "https://registry.yarnpkg.com/micromark-extension-gfm-table/-/micromark-extension-gfm-table-2.0.0.tgz#2cf3fe352d9e089b7ef5fff003bdfe0da29649b7"
    integrity sha512-PoHlhypg1ItIucOaHmKE8fbin3vTLpDOUg8KAr8gRCF1MOZI9Nquq2i/44wFvviM4WuxJzc3demT8Y3dkfvYrw==
    dependencies:
      devlop "^1.0.0"
      micromark-factory-space "^2.0.0"
      micromark-util-character "^2.0.0"
      micromark-util-symbol "^2.0.0"
      micromark-util-types "^2.0.0"
  
  micromark-extension-gfm-tagfilter@^2.0.0:
    version "2.0.0"
    resolved "https://registry.yarnpkg.com/micromark-extension-gfm-tagfilter/-/micromark-extension-gfm-tagfilter-2.0.0.tgz#f26d8a7807b5985fba13cf61465b58ca5ff7dc57"
    integrity sha512-xHlTOmuCSotIA8TW1mDIM6X2O1SiX5P9IuDtqGonFhEK0qgRI4yeC6vMxEV2dgyr2TiD+2PQ10o+cOhdVAcwfg==
    dependencies:
      micromark-util-types "^2.0.0"
  
  micromark-extension-gfm-task-list-item@^2.0.0:
    version "2.0.1"
    resolved "https://registry.yarnpkg.com/micromark-extension-gfm-task-list-item/-/micromark-extension-gfm-task-list-item-2.0.1.tgz#ee8b208f1ced1eb9fb11c19a23666e59d86d4838"
    integrity sha512-cY5PzGcnULaN5O7T+cOzfMoHjBW7j+T9D2sucA5d/KbsBTPcYdebm9zUd9zzdgJGCwahV+/W78Z3nbulBYVbTw==
    dependencies:
      devlop "^1.0.0"
      micromark-factory-space "^2.0.0"
      micromark-util-character "^2.0.0"
      micromark-util-symbol "^2.0.0"
      micromark-util-types "^2.0.0"
  
  micromark-extension-gfm@^3.0.0:
    version "3.0.0"
    resolved "https://registry.yarnpkg.com/micromark-extension-gfm/-/micromark-extension-gfm-3.0.0.tgz#3e13376ab95dd7a5cfd0e29560dfe999657b3c5b"
    integrity sha512-vsKArQsicm7t0z2GugkCKtZehqUm31oeGBV/KVSorWSy8ZlNAv7ytjFhvaryUiCUJYqs+NoE6AFhpQvBTM6Q4w==
    dependencies:
      micromark-extension-gfm-autolink-literal "^2.0.0"
      micromark-extension-gfm-footnote "^2.0.0"
      micromark-extension-gfm-strikethrough "^2.0.0"
      micromark-extension-gfm-table "^2.0.0"
      micromark-extension-gfm-tagfilter "^2.0.0"
      micromark-extension-gfm-task-list-item "^2.0.0"
      micromark-util-combine-extensions "^2.0.0"
      micromark-util-types "^2.0.0"
  
  micromark-factory-destination@^1.0.0:
    version "1.1.0"
    resolved "https://registry.yarnpkg.com/micromark-factory-destination/-/micromark-factory-destination-1.1.0.tgz#eb815957d83e6d44479b3df640f010edad667b9f"
    integrity sha512-XaNDROBgx9SgSChd69pjiGKbV+nfHGDPVYFs5dOoDd7ZnMAE+Cuu91BCpsY8RT2NP9vo/B8pds2VQNCLiu0zhg==
    dependencies:
      micromark-util-character "^1.0.0"
      micromark-util-symbol "^1.0.0"
      micromark-util-types "^1.0.0"
  
  micromark-factory-destination@^2.0.0:
    version "2.0.0"
    resolved "https://registry.yarnpkg.com/micromark-factory-destination/-/micromark-factory-destination-2.0.0.tgz#857c94debd2c873cba34e0445ab26b74f6a6ec07"
    integrity sha512-j9DGrQLm/Uhl2tCzcbLhy5kXsgkHUrjJHg4fFAeoMRwJmJerT9aw4FEhIbZStWN8A3qMwOp1uzHr4UL8AInxtA==
    dependencies:
      micromark-util-character "^2.0.0"
      micromark-util-symbol "^2.0.0"
      micromark-util-types "^2.0.0"
  
  micromark-factory-label@^1.0.0:
    version "1.1.0"
    resolved "https://registry.yarnpkg.com/micromark-factory-label/-/micromark-factory-label-1.1.0.tgz#cc95d5478269085cfa2a7282b3de26eb2e2dec68"
    integrity sha512-OLtyez4vZo/1NjxGhcpDSbHQ+m0IIGnT8BoPamh+7jVlzLJBH98zzuCoUeMxvM6WsNeh8wx8cKvqLiPHEACn0w==
    dependencies:
      micromark-util-character "^1.0.0"
      micromark-util-symbol "^1.0.0"
      micromark-util-types "^1.0.0"
      uvu "^0.5.0"
  
  micromark-factory-label@^2.0.0:
    version "2.0.0"
    resolved "https://registry.yarnpkg.com/micromark-factory-label/-/micromark-factory-label-2.0.0.tgz#17c5c2e66ce39ad6f4fc4cbf40d972f9096f726a"
    integrity sha512-RR3i96ohZGde//4WSe/dJsxOX6vxIg9TimLAS3i4EhBAFx8Sm5SmqVfR8E87DPSR31nEAjZfbt91OMZWcNgdZw==
    dependencies:
      devlop "^1.0.0"
      micromark-util-character "^2.0.0"
      micromark-util-symbol "^2.0.0"
      micromark-util-types "^2.0.0"
  
  micromark-factory-space@^1.0.0:
    version "1.1.0"
    resolved "https://registry.yarnpkg.com/micromark-factory-space/-/micromark-factory-space-1.1.0.tgz#c8f40b0640a0150751d3345ed885a080b0d15faf"
    integrity sha512-cRzEj7c0OL4Mw2v6nwzttyOZe8XY/Z8G0rzmWQZTBi/jjwyw/U4uqKtUORXQrR5bAZZnbTI/feRV/R7hc4jQYQ==
    dependencies:
      micromark-util-character "^1.0.0"
      micromark-util-types "^1.0.0"
  
  micromark-factory-space@^2.0.0:
    version "2.0.0"
    resolved "https://registry.yarnpkg.com/micromark-factory-space/-/micromark-factory-space-2.0.0.tgz#5e7afd5929c23b96566d0e1ae018ae4fcf81d030"
    integrity sha512-TKr+LIDX2pkBJXFLzpyPyljzYK3MtmllMUMODTQJIUfDGncESaqB90db9IAUcz4AZAJFdd8U9zOp9ty1458rxg==
    dependencies:
      micromark-util-character "^2.0.0"
      micromark-util-types "^2.0.0"
  
  micromark-factory-title@^1.0.0:
    version "1.1.0"
    resolved "https://registry.yarnpkg.com/micromark-factory-title/-/micromark-factory-title-1.1.0.tgz#dd0fe951d7a0ac71bdc5ee13e5d1465ad7f50ea1"
    integrity sha512-J7n9R3vMmgjDOCY8NPw55jiyaQnH5kBdV2/UXCtZIpnHH3P6nHUKaH7XXEYuWwx/xUJcawa8plLBEjMPU24HzQ==
    dependencies:
      micromark-factory-space "^1.0.0"
      micromark-util-character "^1.0.0"
      micromark-util-symbol "^1.0.0"
      micromark-util-types "^1.0.0"
  
  micromark-factory-title@^2.0.0:
    version "2.0.0"
    resolved "https://registry.yarnpkg.com/micromark-factory-title/-/micromark-factory-title-2.0.0.tgz#726140fc77892af524705d689e1cf06c8a83ea95"
    integrity sha512-jY8CSxmpWLOxS+t8W+FG3Xigc0RDQA9bKMY/EwILvsesiRniiVMejYTE4wumNc2f4UbAa4WsHqe3J1QS1sli+A==
    dependencies:
      micromark-factory-space "^2.0.0"
      micromark-util-character "^2.0.0"
      micromark-util-symbol "^2.0.0"
      micromark-util-types "^2.0.0"
  
  micromark-factory-whitespace@^1.0.0:
    version "1.1.0"
    resolved "https://registry.yarnpkg.com/micromark-factory-whitespace/-/micromark-factory-whitespace-1.1.0.tgz#798fb7489f4c8abafa7ca77eed6b5745853c9705"
    integrity sha512-v2WlmiymVSp5oMg+1Q0N1Lxmt6pMhIHD457whWM7/GUlEks1hI9xj5w3zbc4uuMKXGisksZk8DzP2UyGbGqNsQ==
    dependencies:
      micromark-factory-space "^1.0.0"
      micromark-util-character "^1.0.0"
      micromark-util-symbol "^1.0.0"
      micromark-util-types "^1.0.0"
  
  micromark-factory-whitespace@^2.0.0:
    version "2.0.0"
    resolved "https://registry.yarnpkg.com/micromark-factory-whitespace/-/micromark-factory-whitespace-2.0.0.tgz#9e92eb0f5468083381f923d9653632b3cfb5f763"
    integrity sha512-28kbwaBjc5yAI1XadbdPYHX/eDnqaUFVikLwrO7FDnKG7lpgxnvk/XGRhX/PN0mOZ+dBSZ+LgunHS+6tYQAzhA==
    dependencies:
      micromark-factory-space "^2.0.0"
      micromark-util-character "^2.0.0"
      micromark-util-symbol "^2.0.0"
      micromark-util-types "^2.0.0"
  
  micromark-util-character@^1.0.0:
    version "1.2.0"
    resolved "https://registry.yarnpkg.com/micromark-util-character/-/micromark-util-character-1.2.0.tgz#4fedaa3646db249bc58caeb000eb3549a8ca5dcc"
    integrity sha512-lXraTwcX3yH/vMDaFWCQJP1uIszLVebzUa3ZHdrgxr7KEU/9mL4mVgCpGbyhvNLNlauROiNUq7WN5u7ndbY6xg==
    dependencies:
      micromark-util-symbol "^1.0.0"
      micromark-util-types "^1.0.0"
  
  micromark-util-character@^2.0.0:
    version "2.0.1"
    resolved "https://registry.yarnpkg.com/micromark-util-character/-/micromark-util-character-2.0.1.tgz#52b824c2e2633b6fb33399d2ec78ee2a90d6b298"
    integrity sha512-3wgnrmEAJ4T+mGXAUfMvMAbxU9RDG43XmGce4j6CwPtVxB3vfwXSZ6KhFwDzZ3mZHhmPimMAXg71veiBGzeAZw==
    dependencies:
      micromark-util-symbol "^2.0.0"
      micromark-util-types "^2.0.0"
  
  micromark-util-chunked@^1.0.0:
    version "1.1.0"
    resolved "https://registry.yarnpkg.com/micromark-util-chunked/-/micromark-util-chunked-1.1.0.tgz#37a24d33333c8c69a74ba12a14651fd9ea8a368b"
    integrity sha512-Ye01HXpkZPNcV6FiyoW2fGZDUw4Yc7vT0E9Sad83+bEDiCJ1uXu0S3mr8WLpsz3HaG3x2q0HM6CTuPdcZcluFQ==
    dependencies:
      micromark-util-symbol "^1.0.0"
  
  micromark-util-chunked@^2.0.0:
    version "2.0.0"
    resolved "https://registry.yarnpkg.com/micromark-util-chunked/-/micromark-util-chunked-2.0.0.tgz#e51f4db85fb203a79dbfef23fd41b2f03dc2ef89"
    integrity sha512-anK8SWmNphkXdaKgz5hJvGa7l00qmcaUQoMYsBwDlSKFKjc6gjGXPDw3FNL3Nbwq5L8gE+RCbGqTw49FK5Qyvg==
    dependencies:
      micromark-util-symbol "^2.0.0"
  
  micromark-util-classify-character@^1.0.0:
    version "1.1.0"
    resolved "https://registry.yarnpkg.com/micromark-util-classify-character/-/micromark-util-classify-character-1.1.0.tgz#6a7f8c8838e8a120c8e3c4f2ae97a2bff9190e9d"
    integrity sha512-SL0wLxtKSnklKSUplok1WQFoGhUdWYKggKUiqhX+Swala+BtptGCu5iPRc+xvzJ4PXE/hwM3FNXsfEVgoZsWbw==
    dependencies:
      micromark-util-character "^1.0.0"
      micromark-util-symbol "^1.0.0"
      micromark-util-types "^1.0.0"
  
  micromark-util-classify-character@^2.0.0:
    version "2.0.0"
    resolved "https://registry.yarnpkg.com/micromark-util-classify-character/-/micromark-util-classify-character-2.0.0.tgz#8c7537c20d0750b12df31f86e976d1d951165f34"
    integrity sha512-S0ze2R9GH+fu41FA7pbSqNWObo/kzwf8rN/+IGlW/4tC6oACOs8B++bh+i9bVyNnwCcuksbFwsBme5OCKXCwIw==
    dependencies:
      micromark-util-character "^2.0.0"
      micromark-util-symbol "^2.0.0"
      micromark-util-types "^2.0.0"
  
  micromark-util-combine-extensions@^1.0.0:
    version "1.1.0"
    resolved "https://registry.yarnpkg.com/micromark-util-combine-extensions/-/micromark-util-combine-extensions-1.1.0.tgz#192e2b3d6567660a85f735e54d8ea6e3952dbe84"
    integrity sha512-Q20sp4mfNf9yEqDL50WwuWZHUrCO4fEyeDCnMGmG5Pr0Cz15Uo7KBs6jq+dq0EgX4DPwwrh9m0X+zPV1ypFvUA==
    dependencies:
      micromark-util-chunked "^1.0.0"
      micromark-util-types "^1.0.0"
  
  micromark-util-combine-extensions@^2.0.0:
    version "2.0.0"
    resolved "https://registry.yarnpkg.com/micromark-util-combine-extensions/-/micromark-util-combine-extensions-2.0.0.tgz#75d6ab65c58b7403616db8d6b31315013bfb7ee5"
    integrity sha512-vZZio48k7ON0fVS3CUgFatWHoKbbLTK/rT7pzpJ4Bjp5JjkZeasRfrS9wsBdDJK2cJLHMckXZdzPSSr1B8a4oQ==
    dependencies:
      micromark-util-chunked "^2.0.0"
      micromark-util-types "^2.0.0"
  
  micromark-util-decode-numeric-character-reference@^1.0.0:
    version "1.1.0"
    resolved "https://registry.yarnpkg.com/micromark-util-decode-numeric-character-reference/-/micromark-util-decode-numeric-character-reference-1.1.0.tgz#b1e6e17009b1f20bc652a521309c5f22c85eb1c6"
    integrity sha512-m9V0ExGv0jB1OT21mrWcuf4QhP46pH1KkfWy9ZEezqHKAxkj4mPCy3nIH1rkbdMlChLHX531eOrymlwyZIf2iw==
    dependencies:
      micromark-util-symbol "^1.0.0"
  
  micromark-util-decode-numeric-character-reference@^2.0.0:
    version "2.0.1"
    resolved "https://registry.yarnpkg.com/micromark-util-decode-numeric-character-reference/-/micromark-util-decode-numeric-character-reference-2.0.1.tgz#2698bbb38f2a9ba6310e359f99fcb2b35a0d2bd5"
    integrity sha512-bmkNc7z8Wn6kgjZmVHOX3SowGmVdhYS7yBpMnuMnPzDq/6xwVA604DuOXMZTO1lvq01g+Adfa0pE2UKGlxL1XQ==
    dependencies:
      micromark-util-symbol "^2.0.0"
  
  micromark-util-decode-string@^1.0.0:
    version "1.1.0"
    resolved "https://registry.yarnpkg.com/micromark-util-decode-string/-/micromark-util-decode-string-1.1.0.tgz#dc12b078cba7a3ff690d0203f95b5d5537f2809c"
    integrity sha512-YphLGCK8gM1tG1bd54azwyrQRjCFcmgj2S2GoJDNnh4vYtnL38JS8M4gpxzOPNyHdNEpheyWXCTnnTDY3N+NVQ==
    dependencies:
      decode-named-character-reference "^1.0.0"
      micromark-util-character "^1.0.0"
      micromark-util-decode-numeric-character-reference "^1.0.0"
      micromark-util-symbol "^1.0.0"
  
  micromark-util-decode-string@^2.0.0:
    version "2.0.0"
    resolved "https://registry.yarnpkg.com/micromark-util-decode-string/-/micromark-util-decode-string-2.0.0.tgz#7dfa3a63c45aecaa17824e656bcdb01f9737154a"
    integrity sha512-r4Sc6leeUTn3P6gk20aFMj2ntPwn6qpDZqWvYmAG6NgvFTIlj4WtrAudLi65qYoaGdXYViXYw2pkmn7QnIFasA==
    dependencies:
      decode-named-character-reference "^1.0.0"
      micromark-util-character "^2.0.0"
      micromark-util-decode-numeric-character-reference "^2.0.0"
      micromark-util-symbol "^2.0.0"
  
  micromark-util-encode@^1.0.0:
    version "1.1.0"
    resolved "https://registry.yarnpkg.com/micromark-util-encode/-/micromark-util-encode-1.1.0.tgz#92e4f565fd4ccb19e0dcae1afab9a173bbeb19a5"
    integrity sha512-EuEzTWSTAj9PA5GOAs992GzNh2dGQO52UvAbtSOMvXTxv3Criqb6IOzJUBCmEqrrXSblJIJBbFFv6zPxpreiJw==
  
  micromark-util-encode@^2.0.0:
    version "2.0.0"
    resolved "https://registry.yarnpkg.com/micromark-util-encode/-/micromark-util-encode-2.0.0.tgz#0921ac7953dc3f1fd281e3d1932decfdb9382ab1"
    integrity sha512-pS+ROfCXAGLWCOc8egcBvT0kf27GoWMqtdarNfDcjb6YLuV5cM3ioG45Ys2qOVqeqSbjaKg72vU+Wby3eddPsA==
  
  micromark-util-html-tag-name@^1.0.0:
    version "1.2.0"
    resolved "https://registry.yarnpkg.com/micromark-util-html-tag-name/-/micromark-util-html-tag-name-1.2.0.tgz#48fd7a25826f29d2f71479d3b4e83e94829b3588"
    integrity sha512-VTQzcuQgFUD7yYztuQFKXT49KghjtETQ+Wv/zUjGSGBioZnkA4P1XXZPT1FHeJA6RwRXSF47yvJ1tsJdoxwO+Q==
  
  micromark-util-html-tag-name@^2.0.0:
    version "2.0.0"
    resolved "https://registry.yarnpkg.com/micromark-util-html-tag-name/-/micromark-util-html-tag-name-2.0.0.tgz#ae34b01cbe063363847670284c6255bb12138ec4"
    integrity sha512-xNn4Pqkj2puRhKdKTm8t1YHC/BAjx6CEwRFXntTaRf/x16aqka6ouVoutm+QdkISTlT7e2zU7U4ZdlDLJd2Mcw==
  
  micromark-util-normalize-identifier@^1.0.0:
    version "1.1.0"
    resolved "https://registry.yarnpkg.com/micromark-util-normalize-identifier/-/micromark-util-normalize-identifier-1.1.0.tgz#7a73f824eb9f10d442b4d7f120fecb9b38ebf8b7"
    integrity sha512-N+w5vhqrBihhjdpM8+5Xsxy71QWqGn7HYNUvch71iV2PM7+E3uWGox1Qp90loa1ephtCxG2ftRV/Conitc6P2Q==
    dependencies:
      micromark-util-symbol "^1.0.0"
  
  micromark-util-normalize-identifier@^2.0.0:
    version "2.0.0"
    resolved "https://registry.yarnpkg.com/micromark-util-normalize-identifier/-/micromark-util-normalize-identifier-2.0.0.tgz#91f9a4e65fe66cc80c53b35b0254ad67aa431d8b"
    integrity sha512-2xhYT0sfo85FMrUPtHcPo2rrp1lwbDEEzpx7jiH2xXJLqBuy4H0GgXk5ToU8IEwoROtXuL8ND0ttVa4rNqYK3w==
    dependencies:
      micromark-util-symbol "^2.0.0"
  
  micromark-util-resolve-all@^1.0.0:
    version "1.1.0"
    resolved "https://registry.yarnpkg.com/micromark-util-resolve-all/-/micromark-util-resolve-all-1.1.0.tgz#4652a591ee8c8fa06714c9b54cd6c8e693671188"
    integrity sha512-b/G6BTMSg+bX+xVCshPTPyAu2tmA0E4X98NSR7eIbeC6ycCqCeE7wjfDIgzEbkzdEVJXRtOG4FbEm/uGbCRouA==
    dependencies:
      micromark-util-types "^1.0.0"
  
  micromark-util-resolve-all@^2.0.0:
    version "2.0.0"
    resolved "https://registry.yarnpkg.com/micromark-util-resolve-all/-/micromark-util-resolve-all-2.0.0.tgz#189656e7e1a53d0c86a38a652b284a252389f364"
    integrity sha512-6KU6qO7DZ7GJkaCgwBNtplXCvGkJToU86ybBAUdavvgsCiG8lSSvYxr9MhwmQ+udpzywHsl4RpGJsYWG1pDOcA==
    dependencies:
      micromark-util-types "^2.0.0"
  
  micromark-util-sanitize-uri@^1.0.0, micromark-util-sanitize-uri@^1.1.0:
    version "1.2.0"
    resolved "https://registry.yarnpkg.com/micromark-util-sanitize-uri/-/micromark-util-sanitize-uri-1.2.0.tgz#613f738e4400c6eedbc53590c67b197e30d7f90d"
    integrity sha512-QO4GXv0XZfWey4pYFndLUKEAktKkG5kZTdUNaTAkzbuJxn2tNBOr+QtxR2XpWaMhbImT2dPzyLrPXLlPhph34A==
    dependencies:
      micromark-util-character "^1.0.0"
      micromark-util-encode "^1.0.0"
      micromark-util-symbol "^1.0.0"
  
  micromark-util-sanitize-uri@^2.0.0:
    version "2.0.0"
    resolved "https://registry.yarnpkg.com/micromark-util-sanitize-uri/-/micromark-util-sanitize-uri-2.0.0.tgz#ec8fbf0258e9e6d8f13d9e4770f9be64342673de"
    integrity sha512-WhYv5UEcZrbAtlsnPuChHUAsu/iBPOVaEVsntLBIdpibO0ddy8OzavZz3iL2xVvBZOpolujSliP65Kq0/7KIYw==
    dependencies:
      micromark-util-character "^2.0.0"
      micromark-util-encode "^2.0.0"
      micromark-util-symbol "^2.0.0"
  
  micromark-util-subtokenize@^1.0.0:
    version "1.1.0"
    resolved "https://registry.yarnpkg.com/micromark-util-subtokenize/-/micromark-util-subtokenize-1.1.0.tgz#941c74f93a93eaf687b9054aeb94642b0e92edb1"
    integrity sha512-kUQHyzRoxvZO2PuLzMt2P/dwVsTiivCK8icYTeR+3WgbuPqfHgPPy7nFKbeqRivBvn/3N3GBiNC+JRTMSxEC7A==
    dependencies:
      micromark-util-chunked "^1.0.0"
      micromark-util-symbol "^1.0.0"
      micromark-util-types "^1.0.0"
      uvu "^0.5.0"
  
  micromark-util-subtokenize@^2.0.0:
    version "2.0.0"
    resolved "https://registry.yarnpkg.com/micromark-util-subtokenize/-/micromark-util-subtokenize-2.0.0.tgz#9f412442d77e0c5789ffdf42377fa8a2bcbdf581"
    integrity sha512-vc93L1t+gpR3p8jxeVdaYlbV2jTYteDje19rNSS/H5dlhxUYll5Fy6vJ2cDwP8RnsXi818yGty1ayP55y3W6fg==
    dependencies:
      devlop "^1.0.0"
      micromark-util-chunked "^2.0.0"
      micromark-util-symbol "^2.0.0"
      micromark-util-types "^2.0.0"
  
  micromark-util-symbol@^1.0.0:
    version "1.1.0"
    resolved "https://registry.yarnpkg.com/micromark-util-symbol/-/micromark-util-symbol-1.1.0.tgz#813cd17837bdb912d069a12ebe3a44b6f7063142"
    integrity sha512-uEjpEYY6KMs1g7QfJ2eX1SQEV+ZT4rUD3UcF6l57acZvLNK7PBZL+ty82Z1qhK1/yXIY4bdx04FKMgR0g4IAag==
  
  micromark-util-symbol@^2.0.0:
    version "2.0.0"
    resolved "https://registry.yarnpkg.com/micromark-util-symbol/-/micromark-util-symbol-2.0.0.tgz#12225c8f95edf8b17254e47080ce0862d5db8044"
    integrity sha512-8JZt9ElZ5kyTnO94muPxIGS8oyElRJaiJO8EzV6ZSyGQ1Is8xwl4Q45qU5UOg+bGH4AikWziz0iN4sFLWs8PGw==
  
  micromark-util-types@^1.0.0, micromark-util-types@^1.0.1:
    version "1.1.0"
    resolved "https://registry.yarnpkg.com/micromark-util-types/-/micromark-util-types-1.1.0.tgz#e6676a8cae0bb86a2171c498167971886cb7e283"
    integrity sha512-ukRBgie8TIAcacscVHSiddHjO4k/q3pnedmzMQ4iwDcK0FtFCohKOlFbaOL/mPgfnPsL3C1ZyxJa4sbWrBl3jg==
  
  micromark-util-types@^2.0.0:
    version "2.0.0"
    resolved "https://registry.yarnpkg.com/micromark-util-types/-/micromark-util-types-2.0.0.tgz#63b4b7ffeb35d3ecf50d1ca20e68fc7caa36d95e"
    integrity sha512-oNh6S2WMHWRZrmutsRmDDfkzKtxF+bc2VxLC9dvtrDIRFln627VsFP6fLMgTryGDljgLPjkrzQSDcPrjPyDJ5w==
  
  micromark@^3.0.0:
    version "3.2.0"
    resolved "https://registry.yarnpkg.com/micromark/-/micromark-3.2.0.tgz#1af9fef3f995ea1ea4ac9c7e2f19c48fd5c006e9"
    integrity sha512-uD66tJj54JLYq0De10AhWycZWGQNUvDI55xPgk2sQM5kn1JYlhbCMTtEeT27+vAhW2FBQxLlOmS3pmA7/2z4aA==
    dependencies:
      "@types/debug" "^4.0.0"
      debug "^4.0.0"
      decode-named-character-reference "^1.0.0"
      micromark-core-commonmark "^1.0.1"
      micromark-factory-space "^1.0.0"
      micromark-util-character "^1.0.0"
      micromark-util-chunked "^1.0.0"
      micromark-util-combine-extensions "^1.0.0"
      micromark-util-decode-numeric-character-reference "^1.0.0"
      micromark-util-encode "^1.0.0"
      micromark-util-normalize-identifier "^1.0.0"
      micromark-util-resolve-all "^1.0.0"
      micromark-util-sanitize-uri "^1.0.0"
      micromark-util-subtokenize "^1.0.0"
      micromark-util-symbol "^1.0.0"
      micromark-util-types "^1.0.1"
      uvu "^0.5.0"
  
  micromark@^4.0.0:
    version "4.0.0"
    resolved "https://registry.yarnpkg.com/micromark/-/micromark-4.0.0.tgz#84746a249ebd904d9658cfabc1e8e5f32cbc6249"
    integrity sha512-o/sd0nMof8kYff+TqcDx3VSrgBTcZpSvYcAHIfHhv5VAuNmisCxjhx6YmxS8PFEpb9z5WKWKPdzf0jM23ro3RQ==
    dependencies:
      "@types/debug" "^4.0.0"
      debug "^4.0.0"
      decode-named-character-reference "^1.0.0"
      devlop "^1.0.0"
      micromark-core-commonmark "^2.0.0"
      micromark-factory-space "^2.0.0"
      micromark-util-character "^2.0.0"
      micromark-util-chunked "^2.0.0"
      micromark-util-combine-extensions "^2.0.0"
      micromark-util-decode-numeric-character-reference "^2.0.0"
      micromark-util-encode "^2.0.0"
      micromark-util-normalize-identifier "^2.0.0"
      micromark-util-resolve-all "^2.0.0"
      micromark-util-sanitize-uri "^2.0.0"
      micromark-util-subtokenize "^2.0.0"
      micromark-util-symbol "^2.0.0"
      micromark-util-types "^2.0.0"
  
  mri@^1.1.0:
    version "1.2.0"
    resolved "https://registry.yarnpkg.com/mri/-/mri-1.2.0.tgz#6721480fec2a11a4889861115a48b6cbe7cc8f0b"
    integrity sha512-tzzskb3bG8LvYGFF/mDTpq3jpI6Q9wc3LEmBaghu+DdCssd1FakN7Bc0hVNmEyGq1bq3RgfkCb3cmQLpNPOroA==
  
  ms@2.1.2:
    version "2.1.2"
    resolved "https://registry.yarnpkg.com/ms/-/ms-2.1.2.tgz#d09d1f357b443f493382a8eb3ccd183872ae6009"
    integrity sha512-sGkPx+VjMtmA6MX27oA4FBFELFCZZ4S4XqeGOXCv68tT+jb3vk/RyaKWP0PTKyWtmLSM0b+adUTEvbs1PEaH2w==
  
  object-assign@^4.1.1:
    version "4.1.1"
    resolved "https://registry.yarnpkg.com/object-assign/-/object-assign-4.1.1.tgz#2109adc7965887cfc05cbbd442cac8bfbb360863"
    integrity sha512-rJgTQnkUnH1sFw8yT6VSU3zD3sWmu6sZhIseY8VX+GRu3P6F7Fu+JNDoXfklElbLJSnc3FUQHVe4cU5hj+BcUg==
  
  process@^0.11.10:
    version "0.11.10"
    resolved "https://registry.yarnpkg.com/process/-/process-0.11.10.tgz#7332300e840161bda3e69a1d1d91a7d4bc16f182"
    integrity sha512-cdGef/drWFoydD1JsMzuFf8100nZl+GT+yacc2bEced5f9Rjk4z+WtFUTBu9PhOi9j/jfmBPu0mMEY4wIdAF8A==
  
  prop-types@^15.0.0:
    version "15.8.1"
    resolved "https://registry.yarnpkg.com/prop-types/-/prop-types-15.8.1.tgz#67d87bf1a694f48435cf332c24af10214a3140b5"
    integrity sha512-oj87CgZICdulUohogVAR7AjlC0327U4el4L6eAvOqCeudMDVU0NThNaV+b9Df4dXgSP1gXMTnPdhfe/2qDH5cg==
    dependencies:
      loose-envify "^1.4.0"
      object-assign "^4.1.1"
      react-is "^16.13.1"
  
  property-information@^6.0.0:
    version "6.4.0"
    resolved "https://registry.yarnpkg.com/property-information/-/property-information-6.4.0.tgz#6bc4c618b0c2d68b3bb8b552cbb97f8e300a0f82"
    integrity sha512-9t5qARVofg2xQqKtytzt+lZ4d1Qvj8t5B8fEwXK6qOfgRLgH/b13QlgEyDh033NOS31nXeFbYv7CLUDG1CeifQ==
  
  qrcode.react@^3.1.0:
    version "3.1.0"
    resolved "https://registry.yarnpkg.com/qrcode.react/-/qrcode.react-3.1.0.tgz#5c91ddc0340f768316fbdb8fff2765134c2aecd8"
    integrity sha512-oyF+Urr3oAMUG/OiOuONL3HXM+53wvuH3mtIWQrYmsXoAq0DkvZp2RYUWFSMFtbdOpuS++9v+WAkzNVkMlNW6Q==
  
  rc-cascader@~3.20.0:
    version "3.20.0"
    resolved "https://registry.yarnpkg.com/rc-cascader/-/rc-cascader-3.20.0.tgz#b270f9d84ed83417ee7309ef5e56e415f1586076"
    integrity sha512-lkT9EEwOcYdjZ/jvhLoXGzprK1sijT3/Tp4BLxQQcHDZkkOzzwYQC9HgmKoJz0K7CukMfgvO9KqHeBdgE+pELw==
    dependencies:
      "@babel/runtime" "^7.12.5"
      array-tree-filter "^2.1.0"
      classnames "^2.3.1"
      rc-select "~14.10.0"
      rc-tree "~5.8.1"
      rc-util "^5.37.0"
  
  rc-checkbox@~3.1.0:
    version "3.1.0"
    resolved "https://registry.yarnpkg.com/rc-checkbox/-/rc-checkbox-3.1.0.tgz#6be0d9d8de2cc96fb5e37f9036a1c3e360d0a42d"
    integrity sha512-PAwpJFnBa3Ei+5pyqMMXdcKYKNBMS+TvSDiLdDnARnMJHC8ESxwPfm4Ao1gJiKtWLdmGfigascnCpwrHFgoOBQ==
    dependencies:
      "@babel/runtime" "^7.10.1"
      classnames "^2.3.2"
      rc-util "^5.25.2"
  
  rc-collapse@~3.7.2:
    version "3.7.2"
    resolved "https://registry.yarnpkg.com/rc-collapse/-/rc-collapse-3.7.2.tgz#d11538ff9c705a5c988d9a4dfcc051a919692fe3"
    integrity sha512-ZRw6ipDyOnfLFySxAiCMdbHtb5ePAsB9mT17PA6y1mRD/W6KHRaZeb5qK/X9xDV1CqgyxMpzw0VdS74PCcUk4A==
    dependencies:
      "@babel/runtime" "^7.10.1"
      classnames "2.x"
      rc-motion "^2.3.4"
      rc-util "^5.27.0"
  
  rc-dialog@~9.3.4:
    version "9.3.4"
    resolved "https://registry.yarnpkg.com/rc-dialog/-/rc-dialog-9.3.4.tgz#e0decb3d4a0dbe36524a67ed2f8fe2daa4b7b73c"
    integrity sha512-975X3018GhR+EjZFbxA2Z57SX5rnu0G0/OxFgMMvZK4/hQWEm3MHaNvP4wXpxYDoJsp+xUvVW+GB9CMMCm81jA==
    dependencies:
      "@babel/runtime" "^7.10.1"
      "@rc-component/portal" "^1.0.0-8"
      classnames "^2.2.6"
      rc-motion "^2.3.0"
      rc-util "^5.21.0"
  
  rc-drawer@~6.5.2:
    version "6.5.2"
    resolved "https://registry.yarnpkg.com/rc-drawer/-/rc-drawer-6.5.2.tgz#49c1f279261992f6d4653d32a03b14acd436d610"
    integrity sha512-QckxAnQNdhh4vtmKN0ZwDf3iakO83W9eZcSKWYYTDv4qcD2fHhRAZJJ/OE6v2ZlQ2kSqCJX5gYssF4HJFvsEPQ==
    dependencies:
      "@babel/runtime" "^7.10.1"
      "@rc-component/portal" "^1.1.1"
      classnames "^2.2.6"
      rc-motion "^2.6.1"
      rc-util "^5.36.0"
  
  rc-dropdown@~4.1.0:
    version "4.1.0"
    resolved "https://registry.yarnpkg.com/rc-dropdown/-/rc-dropdown-4.1.0.tgz#418a68939631520de80d0865d02b440eeeb4168e"
    integrity sha512-VZjMunpBdlVzYpEdJSaV7WM7O0jf8uyDjirxXLZRNZ+tAC+NzD3PXPEtliFwGzVwBBdCmGuSqiS9DWcOLxQ9tw==
    dependencies:
      "@babel/runtime" "^7.18.3"
      "@rc-component/trigger" "^1.7.0"
      classnames "^2.2.6"
      rc-util "^5.17.0"
  
  rc-field-form@~1.41.0:
    version "1.41.0"
    resolved "https://registry.yarnpkg.com/rc-field-form/-/rc-field-form-1.41.0.tgz#660ed8691fdabbc1e5b1ee6b5e0e4f534b295cf0"
    integrity sha512-k9AS0wmxfJfusWDP/YXWTpteDNaQ4isJx9UKxx4/e8Dub4spFeZ54/EuN2sYrMRID/+hUznPgVZeg+Gf7XSYCw==
    dependencies:
      "@babel/runtime" "^7.18.0"
      async-validator "^4.1.0"
      rc-util "^5.32.2"
  
  rc-image@~7.5.1:
    version "7.5.1"
    resolved "https://registry.yarnpkg.com/rc-image/-/rc-image-7.5.1.tgz#39a93354e14fe3e5eaafd9c9464e8fe3c6c171a0"
    integrity sha512-Z9loECh92SQp0nSipc0MBuf5+yVC05H/pzC+Nf8xw1BKDFUJzUeehYBjaWlxly8VGBZJcTHYri61Fz9ng1G3Ag==
    dependencies:
      "@babel/runtime" "^7.11.2"
      "@rc-component/portal" "^1.0.2"
      classnames "^2.2.6"
      rc-dialog "~9.3.4"
      rc-motion "^2.6.2"
      rc-util "^5.34.1"
  
  rc-input-number@~8.4.0:
    version "8.4.0"
    resolved "https://registry.yarnpkg.com/rc-input-number/-/rc-input-number-8.4.0.tgz#f0d0caa2ce3a4e37f062556f9cb4c08c8c23322d"
    integrity sha512-B6rziPOLRmeP7kcS5qbdC5hXvvDHYKV4vUxmahevYx2E6crS2bRi0xLDjhJ0E1HtOWo8rTmaE2EBJAkTCZOLdA==
    dependencies:
      "@babel/runtime" "^7.10.1"
      "@rc-component/mini-decimal" "^1.0.1"
      classnames "^2.2.5"
      rc-input "~1.3.5"
      rc-util "^5.28.0"
  
  rc-input@~1.3.11, rc-input@~1.3.5:
    version "1.3.11"
    resolved "https://registry.yarnpkg.com/rc-input/-/rc-input-1.3.11.tgz#08f25d6d65b418dc9001e8f36432fe323bde37fa"
    integrity sha512-jhH7QP5rILanSHCGSUkdoFE5DEtpv8FIseYhuYkOZzUBeiVAiwM3q26YqZ6xBB0QFEZ/yUAgms4xW4iuub3xFQ==
    dependencies:
      "@babel/runtime" "^7.11.1"
      classnames "^2.2.1"
      rc-util "^5.18.1"
  
  rc-mentions@~2.9.1:
    version "2.9.1"
    resolved "https://registry.yarnpkg.com/rc-mentions/-/rc-mentions-2.9.1.tgz#cfe55913fd5bc156ef9814f38c1a2ceefee032ce"
    integrity sha512-cZuElWr/5Ws0PXx1uxobxfYh4mqUw2FitfabR62YnWgm+WAfDyXZXqZg5DxXW+M1cgVvntrQgDDd9LrihrXzew==
    dependencies:
      "@babel/runtime" "^7.22.5"
      "@rc-component/trigger" "^1.5.0"
      classnames "^2.2.6"
      rc-input "~1.3.5"
      rc-menu "~9.12.0"
      rc-textarea "~1.5.0"
      rc-util "^5.34.1"
  
  rc-menu@~9.12.0, rc-menu@~9.12.4:
    version "9.12.4"
    resolved "https://registry.yarnpkg.com/rc-menu/-/rc-menu-9.12.4.tgz#4959b5eeb780be7ff52aac31952b35efca46b9a3"
    integrity sha512-t2NcvPLV1mFJzw4F21ojOoRVofK2rWhpKPx69q2raUsiHPDP6DDevsBILEYdsIegqBeSXoWs2bf6CueBKg3BFg==
    dependencies:
      "@babel/runtime" "^7.10.1"
      "@rc-component/trigger" "^1.17.0"
      classnames "2.x"
      rc-motion "^2.4.3"
      rc-overflow "^1.3.1"
      rc-util "^5.27.0"
  
  rc-motion@^2.0.0, rc-motion@^2.0.1, rc-motion@^2.3.0, rc-motion@^2.3.4, rc-motion@^2.4.3, rc-motion@^2.4.4, rc-motion@^2.6.1, rc-motion@^2.6.2, rc-motion@^2.9.0:
    version "2.9.0"
    resolved "https://registry.yarnpkg.com/rc-motion/-/rc-motion-2.9.0.tgz#9e18a1b8d61e528a97369cf9a7601e9b29205710"
    integrity sha512-XIU2+xLkdIr1/h6ohPZXyPBMvOmuyFZQ/T0xnawz+Rh+gh4FINcnZmMT5UTIj6hgI0VLDjTaPeRd+smJeSPqiQ==
    dependencies:
      "@babel/runtime" "^7.11.1"
      classnames "^2.2.1"
      rc-util "^5.21.0"
  
  rc-notification@~5.3.0:
    version "5.3.0"
    resolved "https://registry.yarnpkg.com/rc-notification/-/rc-notification-5.3.0.tgz#e31c86fe2350598ade8cff383babd1befa7a94fe"
    integrity sha512-WCf0uCOkZ3HGfF0p1H4Sgt7aWfipxORWTPp7o6prA3vxwtWhtug3GfpYls1pnBp4WA+j8vGIi5c2/hQRpGzPcQ==
    dependencies:
      "@babel/runtime" "^7.10.1"
      classnames "2.x"
      rc-motion "^2.9.0"
      rc-util "^5.20.1"
  
  rc-overflow@^1.3.1:
    version "1.3.2"
    resolved "https://registry.yarnpkg.com/rc-overflow/-/rc-overflow-1.3.2.tgz#72ee49e85a1308d8d4e3bd53285dc1f3e0bcce2c"
    integrity sha512-nsUm78jkYAoPygDAcGZeC2VwIg/IBGSodtOY3pMof4W3M9qRJgqaDYm03ZayHlde3I6ipliAxbN0RUcGf5KOzw==
    dependencies:
      "@babel/runtime" "^7.11.1"
      classnames "^2.2.1"
      rc-resize-observer "^1.0.0"
      rc-util "^5.37.0"
  
  rc-pagination@~4.0.3:
    version "4.0.3"
    resolved "https://registry.yarnpkg.com/rc-pagination/-/rc-pagination-4.0.3.tgz#6d35314e8e24468cd2c3e8c00dab89c515a85d08"
    integrity sha512-s1MNwyU83AgycikYckRdpmkN+4ZZuul0E0YdDp7dMgcjg/d2fak767ZIbLP4Q5YPPla7NDorfVFTvGQAPj6jXA==
    dependencies:
      "@babel/runtime" "^7.10.1"
      classnames "^2.3.2"
      rc-util "^5.38.0"
  
  rc-picker@~3.14.6:
    version "3.14.6"
    resolved "https://registry.yarnpkg.com/rc-picker/-/rc-picker-3.14.6.tgz#60fc34f9883272e10f6c593fa6d82e7e7a70781b"
    integrity sha512-AdKKW0AqMwZsKvIpwUWDUnpuGKZVrbxVTZTNjcO+pViGkjC1EBcjMgxVe8tomOEaIHJL5Gd13vS8Rr3zzxWmag==
    dependencies:
      "@babel/runtime" "^7.10.1"
      "@rc-component/trigger" "^1.5.0"
      classnames "^2.2.1"
      rc-util "^5.30.0"
  
  rc-progress@~3.5.1:
    version "3.5.1"
    resolved "https://registry.yarnpkg.com/rc-progress/-/rc-progress-3.5.1.tgz#a3cdfd2fe04eb5c3d43fa1c69e7dd70c73b102ae"
    integrity sha512-V6Amx6SbLRwPin/oD+k1vbPrO8+9Qf8zW1T8A7o83HdNafEVvAxPV5YsgtKFP+Ud5HghLj33zKOcEHrcrUGkfw==
    dependencies:
      "@babel/runtime" "^7.10.1"
      classnames "^2.2.6"
      rc-util "^5.16.1"
  
  rc-rate@~2.12.0:
    version "2.12.0"
    resolved "https://registry.yarnpkg.com/rc-rate/-/rc-rate-2.12.0.tgz#0182deffed3b009cdcc61660da8746c39ed91ed5"
    integrity sha512-g092v5iZCdVzbjdn28FzvWebK2IutoVoiTeqoLTj9WM7SjA/gOJIw5/JFZMRyJYYVe1jLAU2UhAfstIpCNRozg==
    dependencies:
      "@babel/runtime" "^7.10.1"
      classnames "^2.2.5"
      rc-util "^5.0.1"
  
  rc-resize-observer@^1.0.0, rc-resize-observer@^1.1.0, rc-resize-observer@^1.3.1, rc-resize-observer@^1.4.0:
    version "1.4.0"
    resolved "https://registry.yarnpkg.com/rc-resize-observer/-/rc-resize-observer-1.4.0.tgz#7bba61e6b3c604834980647cce6451914750d0cc"
    integrity sha512-PnMVyRid9JLxFavTjeDXEXo65HCRqbmLBw9xX9gfC4BZiSzbLXKzW3jPz+J0P71pLbD5tBMTT+mkstV5gD0c9Q==
    dependencies:
      "@babel/runtime" "^7.20.7"
      classnames "^2.2.1"
      rc-util "^5.38.0"
      resize-observer-polyfill "^1.5.1"
  
  rc-segmented@~2.2.2:
    version "2.2.2"
    resolved "https://registry.yarnpkg.com/rc-segmented/-/rc-segmented-2.2.2.tgz#a34f12ce6c0975fc3042ae7656bcd18e1744798e"
    integrity sha512-Mq52M96QdHMsNdE/042ibT5vkcGcD5jxKp7HgPC2SRofpia99P5fkfHy1pEaajLMF/kj0+2Lkq1UZRvqzo9mSA==
    dependencies:
      "@babel/runtime" "^7.11.1"
      classnames "^2.2.1"
      rc-motion "^2.4.4"
      rc-util "^5.17.0"
  
  rc-select@~14.10.0:
    version "14.10.0"
    resolved "https://registry.yarnpkg.com/rc-select/-/rc-select-14.10.0.tgz#5f60e61ed7c9a83c8591616b1174a1c4ab2de0cd"
    integrity sha512-TsIJTYafTTapCA32LLNpx/AD6ntepR1TG8jEVx35NiAAWCPymhUfuca8kRcUNd3WIGVMDcMKn9kkphoxEz+6Ag==
    dependencies:
      "@babel/runtime" "^7.10.1"
      "@rc-component/trigger" "^1.5.0"
      classnames "2.x"
      rc-motion "^2.0.1"
      rc-overflow "^1.3.1"
      rc-util "^5.16.1"
      rc-virtual-list "^3.5.2"
  
  rc-slider@~10.5.0:
    version "10.5.0"
    resolved "https://registry.yarnpkg.com/rc-slider/-/rc-slider-10.5.0.tgz#1bd4853d114cb3403b67c485125887adb6a2a117"
    integrity sha512-xiYght50cvoODZYI43v3Ylsqiw14+D7ELsgzR40boDZaya1HFa1Etnv9MDkQE8X/UrXAffwv2AcNAhslgYuDTw==
    dependencies:
      "@babel/runtime" "^7.10.1"
      classnames "^2.2.5"
      rc-util "^5.27.0"
  
  rc-steps@~6.0.1:
    version "6.0.1"
    resolved "https://registry.yarnpkg.com/rc-steps/-/rc-steps-6.0.1.tgz#c2136cd0087733f6d509209a84a5c80dc29a274d"
    integrity sha512-lKHL+Sny0SeHkQKKDJlAjV5oZ8DwCdS2hFhAkIjuQt1/pB81M0cA0ErVFdHq9+jmPmFw1vJB2F5NBzFXLJxV+g==
    dependencies:
      "@babel/runtime" "^7.16.7"
      classnames "^2.2.3"
      rc-util "^5.16.1"
  
  rc-switch@~4.1.0:
    version "4.1.0"
    resolved "https://registry.yarnpkg.com/rc-switch/-/rc-switch-4.1.0.tgz#f37d81b4e0c5afd1274fd85367b17306bf25e7d7"
    integrity sha512-TI8ufP2Az9oEbvyCeVE4+90PDSljGyuwix3fV58p7HV2o4wBnVToEyomJRVyTaZeqNPAp+vqeo4Wnj5u0ZZQBg==
    dependencies:
      "@babel/runtime" "^7.21.0"
      classnames "^2.2.1"
      rc-util "^5.30.0"
  
  rc-table@~7.36.1:
    version "7.36.1"
    resolved "https://registry.yarnpkg.com/rc-table/-/rc-table-7.36.1.tgz#4a1a6d7e9797d553845bfa62571720cc613ecc94"
    integrity sha512-9qMxEm/3Y8ukdW8I8ZvmhX0QImfNKzH0JEUlSbyaUlsYTB+/tQEbfaB8YkG4sHVZ1io4pxqK/BXoZYqebi/TIQ==
    dependencies:
      "@babel/runtime" "^7.10.1"
      "@rc-component/context" "^1.4.0"
      classnames "^2.2.5"
      rc-resize-observer "^1.1.0"
      rc-util "^5.37.0"
      rc-virtual-list "^3.11.1"
  
  rc-tabs@~12.14.1:
    version "12.14.1"
    resolved "https://registry.yarnpkg.com/rc-tabs/-/rc-tabs-12.14.1.tgz#1fe4c0bd54550c216f9612b76eff7fbe750f4d2b"
    integrity sha512-1xlE7JQNYxD5RwBsM7jf2xSdUrkmTSDFLFEm2gqAgnsRlOGydEzXXNAVTOT6QcgM1G/gCm+AgG+FYPUGb4Hs4g==
    dependencies:
      "@babel/runtime" "^7.11.2"
      classnames "2.x"
      rc-dropdown "~4.1.0"
      rc-menu "~9.12.0"
      rc-motion "^2.6.2"
      rc-resize-observer "^1.0.0"
      rc-util "^5.34.1"
  
  rc-textarea@~1.5.0, rc-textarea@~1.5.3:
    version "1.5.3"
    resolved "https://registry.yarnpkg.com/rc-textarea/-/rc-textarea-1.5.3.tgz#513e837d308584996c05f540f4f58645a3a8c89a"
    integrity sha512-oH682ghHx++stFNYrosPRBfwsypywrTXpaD0/5Z8MPkUOnyOQUaY9ueL9tMu6BP1LfsuYQ1VLpg5OtshViLNgA==
    dependencies:
      "@babel/runtime" "^7.10.1"
      classnames "^2.2.1"
      rc-input "~1.3.5"
      rc-resize-observer "^1.0.0"
      rc-util "^5.27.0"
  
  rc-tooltip@~6.1.3:
    version "6.1.3"
    resolved "https://registry.yarnpkg.com/rc-tooltip/-/rc-tooltip-6.1.3.tgz#83b97004a1ab918ed4936bbf089bc754254efd1b"
    integrity sha512-HMSbSs5oieZ7XddtINUddBLSVgsnlaSb3bZrzzGWjXa7/B7nNedmsuz72s7EWFEro9mNa7RyF3gOXKYqvJiTcQ==
    dependencies:
      "@babel/runtime" "^7.11.2"
      "@rc-component/trigger" "^1.18.0"
      classnames "^2.3.1"
  
  rc-tree-select@~5.15.0:
    version "5.15.0"
    resolved "https://registry.yarnpkg.com/rc-tree-select/-/rc-tree-select-5.15.0.tgz#8591f1dd28b043dde6fa1ca30c7acb198b160a42"
    integrity sha512-YJHfdO6azFnR0/JuNBZLDptGE4/RGfVeHAafUIYcm2T3RBkL1O8aVqiHvwIyLzdK59ry0NLrByd+3TkfpRM+9Q==
    dependencies:
      "@babel/runtime" "^7.10.1"
      classnames "2.x"
      rc-select "~14.10.0"
      rc-tree "~5.8.1"
      rc-util "^5.16.1"
  
  rc-tree@~5.8.1, rc-tree@~5.8.2:
    version "5.8.2"
    resolved "https://registry.yarnpkg.com/rc-tree/-/rc-tree-5.8.2.tgz#ed3a3f7c56597bbeab3303407a9e1739bbf15621"
    integrity sha512-xH/fcgLHWTLmrSuNphU8XAqV7CdaOQgm4KywlLGNoTMhDAcNR3GVNP6cZzb0GrKmIZ9yae+QLot/cAgUdPRMzg==
    dependencies:
      "@babel/runtime" "^7.10.1"
      classnames "2.x"
      rc-motion "^2.0.1"
      rc-util "^5.16.1"
      rc-virtual-list "^3.5.1"
  
  rc-upload@~4.3.5:
    version "4.3.6"
    resolved "https://registry.yarnpkg.com/rc-upload/-/rc-upload-4.3.6.tgz#6a87397315cee065a04bee4103d6de9dbe2e377a"
    integrity sha512-Bt7ESeG5tT3IY82fZcP+s0tQU2xmo1W6P3S8NboUUliquJLQYLkUcsaExi3IlBVr43GQMCjo30RA2o0i70+NjA==
    dependencies:
      "@babel/runtime" "^7.18.3"
      classnames "^2.2.5"
      rc-util "^5.2.0"
  
  rc-util@^5.0.1, rc-util@^5.16.1, rc-util@^5.17.0, rc-util@^5.18.1, rc-util@^5.2.0, rc-util@^5.20.1, rc-util@^5.21.0, rc-util@^5.24.4, rc-util@^5.25.2, rc-util@^5.27.0, rc-util@^5.28.0, rc-util@^5.30.0, rc-util@^5.31.1, rc-util@^5.32.2, rc-util@^5.34.1, rc-util@^5.35.0, rc-util@^5.36.0, rc-util@^5.37.0, rc-util@^5.38.0, rc-util@^5.38.1:
    version "5.38.1"
    resolved "https://registry.yarnpkg.com/rc-util/-/rc-util-5.38.1.tgz#4915503b89855f5c5cd9afd4c72a7a17568777bb"
    integrity sha512-e4ZMs7q9XqwTuhIK7zBIVFltUtMSjphuPPQXHoHlzRzNdOwUxDejo0Zls5HYaJfRKNURcsS/ceKVULlhjBrxng==
    dependencies:
      "@babel/runtime" "^7.18.3"
      react-is "^18.2.0"
  
  rc-virtual-list@^3.11.1, rc-virtual-list@^3.5.1, rc-virtual-list@^3.5.2:
    version "3.11.3"
    resolved "https://registry.yarnpkg.com/rc-virtual-list/-/rc-virtual-list-3.11.3.tgz#77d4e12e20c1ba314b43c0e37e118296674c5401"
    integrity sha512-tu5UtrMk/AXonHwHxUogdXAWynaXsrx1i6dsgg+lOo/KJSF8oBAcprh1z5J3xgnPJD5hXxTL58F8s8onokdt0Q==
    dependencies:
      "@babel/runtime" "^7.20.0"
      classnames "^2.2.6"
      rc-resize-observer "^1.0.0"
      rc-util "^5.36.0"
  
  react-dom@^18.2.0:
    version "18.2.0"
    resolved "https://registry.yarnpkg.com/react-dom/-/react-dom-18.2.0.tgz#22aaf38708db2674ed9ada224ca4aa708d821e3d"
    integrity sha512-6IMTriUmvsjHUjNtEDudZfuDQUoWXVxKHhlEGSk81n4YFS+r/Kl99wXiwlVXtPBtJenozv2P+hxDsw9eA7Xo6g==
    dependencies:
      loose-envify "^1.1.0"
      scheduler "^0.23.0"
  
  react-icons@^4.12.0:
    version "4.12.0"
    resolved "https://registry.yarnpkg.com/react-icons/-/react-icons-4.12.0.tgz#54806159a966961bfd5cdb26e492f4dafd6a8d78"
    integrity sha512-IBaDuHiShdZqmfc/TwHu6+d6k2ltNCf3AszxNmjJc1KUfXdEeRJOKyNvLmAHaarhzGmTSVygNdyu8/opXv2gaw==
  
  react-is@^16.13.1, react-is@^16.7.0:
    version "16.13.1"
    resolved "https://registry.yarnpkg.com/react-is/-/react-is-16.13.1.tgz#789729a4dc36de2999dc156dd6c1d9c18cea56a4"
    integrity sha512-24e6ynE2H+OKt4kqsOvNd8kBpV65zoxbA4BVsEOB3ARVWQki/DHzaUoC5KuON/BiccDaCCTZBuOcfZs70kR8bQ==
  
  react-is@^18.0.0, react-is@^18.2.0:
    version "18.2.0"
    resolved "https://registry.yarnpkg.com/react-is/-/react-is-18.2.0.tgz#199431eeaaa2e09f86427efbb4f1473edb47609b"
    integrity sha512-xWGDIW6x921xtzPkhiULtthJHoJvBbF3q26fzloPCK0hsvxtPVelvftw3zjbHWSkR2km9Z+4uxbDDK/6Zw9B8w==
  
  react-markdown@^8.0.0:
    version "8.0.7"
    resolved "https://registry.yarnpkg.com/react-markdown/-/react-markdown-8.0.7.tgz#c8dbd1b9ba5f1c5e7e5f2a44de465a3caafdf89b"
    integrity sha512-bvWbzG4MtOU62XqBx3Xx+zB2raaFFsq4mYiAzfjXJMEz2sixgeAfraA3tvzULF02ZdOMUOKTBFFaZJDDrq+BJQ==
    dependencies:
      "@types/hast" "^2.0.0"
      "@types/prop-types" "^15.0.0"
      "@types/unist" "^2.0.0"
      comma-separated-tokens "^2.0.0"
      hast-util-whitespace "^2.0.0"
      prop-types "^15.0.0"
      property-information "^6.0.0"
      react-is "^18.0.0"
      remark-parse "^10.0.0"
      remark-rehype "^10.0.0"
      space-separated-tokens "^2.0.0"
      style-to-object "^0.4.0"
      unified "^10.0.0"
      unist-util-visit "^4.0.0"
      vfile "^5.0.0"
  
  react-redux@^9.0.4:
    version "9.0.4"
    resolved "https://registry.yarnpkg.com/react-redux/-/react-redux-9.0.4.tgz#6892d465f086507a517d4b53eb589876e6bc8344"
    integrity sha512-9J1xh8sWO0vYq2sCxK2My/QO7MzUMRi3rpiILP/+tDr8krBHixC6JMM17fMK88+Oh3e4Ae6/sHIhNBgkUivwFA==
    dependencies:
      "@types/use-sync-external-store" "^0.0.3"
      use-sync-external-store "^1.0.0"
  
  react@^18.2.0:
    version "18.2.0"
    resolved "https://registry.yarnpkg.com/react/-/react-18.2.0.tgz#555bd98592883255fa00de14f1151a917b5d77d5"
    integrity sha512-/3IjMdb2L9QbBdWiW5e3P2/npwMBaU9mHCSCUzNln0ZCYbcfTsGbTJrU/kGemdH2IWmB2ioZ+zkxtmq6g09fGQ==
    dependencies:
      loose-envify "^1.1.0"
  
  redux-persist@^6.0.0:
    version "6.0.0"
    resolved "https://registry.yarnpkg.com/redux-persist/-/redux-persist-6.0.0.tgz#b4d2972f9859597c130d40d4b146fecdab51b3a8"
    integrity sha512-71LLMbUq2r02ng2We9S215LtPu3fY0KgaGE0k8WRgl6RkqxtGfl7HUozz1Dftwsb0D/5mZ8dwAaPbtnzfvbEwQ==
  
  redux-thunk@^3.1.0:
    version "3.1.0"
    resolved "https://registry.yarnpkg.com/redux-thunk/-/redux-thunk-3.1.0.tgz#94aa6e04977c30e14e892eae84978c1af6058ff3"
    integrity sha512-NW2r5T6ksUKXCabzhL9z+h206HQw/NJkcLm1GPImRQ8IzfXwRGqjVhKJGauHirT0DAuyy6hjdnMZaRoAcy0Klw==
  
  redux@^4.0.0:
    version "4.2.1"
    resolved "https://registry.yarnpkg.com/redux/-/redux-4.2.1.tgz#c08f4306826c49b5e9dc901dee0452ea8fce6197"
    integrity sha512-LAUYz4lc+Do8/g7aeRa8JkyDErK6ekstQaqWQrNRW//MY1TvCEpMtpTWvlQ+FPbWCx+Xixu/6SHt5N0HR+SB4w==
    dependencies:
      "@babel/runtime" "^7.9.2"
  
  redux@^5.0.0:
    version "5.0.1"
    resolved "https://registry.yarnpkg.com/redux/-/redux-5.0.1.tgz#97fa26881ce5746500125585d5642c77b6e9447b"
    integrity sha512-M9/ELqF6fy8FwmkpnF0S3YKOqMyoWJ4+CS5Efg2ct3oY9daQvd/Pc71FpGZsVsbl3Cpb+IIcjBDUnnyBdQbq4w==
  
  regenerator-runtime@^0.14.0:
    version "0.14.1"
    resolved "https://registry.yarnpkg.com/regenerator-runtime/-/regenerator-runtime-0.14.1.tgz#356ade10263f685dda125100cd862c1db895327f"
    integrity sha512-dYnhHh0nJoMfnkZs6GmmhFknAGRrLznOu5nc9ML+EJxGvrx6H7teuevqVqCuPcPK//3eDrrjQhehXVx9cnkGdw==
  
  remark-gfm@4.0.0:
    version "4.0.0"
    resolved "https://registry.yarnpkg.com/remark-gfm/-/remark-gfm-4.0.0.tgz#aea777f0744701aa288b67d28c43565c7e8c35de"
    integrity sha512-U92vJgBPkbw4Zfu/IiW2oTZLSL3Zpv+uI7My2eq8JxKgqraFdU8YUGicEJCEgSbeaG+QDFqIcwwfMTOEelPxuA==
    dependencies:
      "@types/mdast" "^4.0.0"
      mdast-util-gfm "^3.0.0"
      micromark-extension-gfm "^3.0.0"
      remark-parse "^11.0.0"
      remark-stringify "^11.0.0"
      unified "^11.0.0"
  
  remark-parse@^10.0.0:
    version "10.0.2"
    resolved "https://registry.yarnpkg.com/remark-parse/-/remark-parse-10.0.2.tgz#ca241fde8751c2158933f031a4e3efbaeb8bc262"
    integrity sha512-3ydxgHa/ZQzG8LvC7jTXccARYDcRld3VfcgIIFs7bI6vbRSxJJmzgLEIIoYKyrfhaY+ujuWaf/PJiMZXoiCXgw==
    dependencies:
      "@types/mdast" "^3.0.0"
      mdast-util-from-markdown "^1.0.0"
      unified "^10.0.0"
  
  remark-parse@^11.0.0:
    version "11.0.0"
    resolved "https://registry.yarnpkg.com/remark-parse/-/remark-parse-11.0.0.tgz#aa60743fcb37ebf6b069204eb4da304e40db45a1"
    integrity sha512-FCxlKLNGknS5ba/1lmpYijMUzX2esxW5xQqjWxw2eHFfS2MSdaHVINFmhjo+qN1WhZhNimq0dZATN9pH0IDrpA==
    dependencies:
      "@types/mdast" "^4.0.0"
      mdast-util-from-markdown "^2.0.0"
      micromark-util-types "^2.0.0"
      unified "^11.0.0"
  
  remark-rehype@^10.0.0:
    version "10.1.0"
    resolved "https://registry.yarnpkg.com/remark-rehype/-/remark-rehype-10.1.0.tgz#32dc99d2034c27ecaf2e0150d22a6dcccd9a6279"
    integrity sha512-EFmR5zppdBp0WQeDVZ/b66CWJipB2q2VLNFMabzDSGR66Z2fQii83G5gTBbgGEnEEA0QRussvrFHxk1HWGJskw==
    dependencies:
      "@types/hast" "^2.0.0"
      "@types/mdast" "^3.0.0"
      mdast-util-to-hast "^12.1.0"
      unified "^10.0.0"
  
  remark-stringify@^11.0.0:
    version "11.0.0"
    resolved "https://registry.yarnpkg.com/remark-stringify/-/remark-stringify-11.0.0.tgz#4c5b01dd711c269df1aaae11743eb7e2e7636fd3"
    integrity sha512-1OSmLd3awB/t8qdoEOMazZkNsfVTeY4fTsgzcQFdXNq8ToTN4ZGwrMnlda4K6smTFKD+GRV6O48i6Z4iKgPPpw==
    dependencies:
      "@types/mdast" "^4.0.0"
      mdast-util-to-markdown "^2.0.0"
      unified "^11.0.0"
  
  reselect@^5.0.1:
    version "5.0.1"
    resolved "https://registry.yarnpkg.com/reselect/-/reselect-5.0.1.tgz#587cdaaeb4e0e8927cff80ebe2bbef05f74b1648"
    integrity sha512-D72j2ubjgHpvuCiORWkOUxndHJrxDaSolheiz5CO+roz8ka97/4msh2E8F5qay4GawR5vzBt5MkbDHT+Rdy/Wg==
  
  resize-observer-polyfill@^1.5.1:
    version "1.5.1"
    resolved "https://registry.yarnpkg.com/resize-observer-polyfill/-/resize-observer-polyfill-1.5.1.tgz#0e9020dd3d21024458d4ebd27e23e40269810464"
    integrity sha512-LwZrotdHOo12nQuZlHEmtuXdqGoOD0OhaxopaNFxWzInpEgaLWoVuAMbTzixuosCx2nEG58ngzW3vxdWoxIgdg==
  
  sade@^1.7.3:
    version "1.8.1"
    resolved "https://registry.yarnpkg.com/sade/-/sade-1.8.1.tgz#0a78e81d658d394887be57d2a409bf703a3b2701"
    integrity sha512-xal3CZX1Xlo/k4ApwCFrHVACi9fBqJ7V+mwhBsuf/1IOKbBy098Fex+Wa/5QMubw09pSZ/u8EY8PWgevJsXp1A==
    dependencies:
      mri "^1.1.0"
  
  scheduler@^0.23.0:
    version "0.23.0"
    resolved "https://registry.yarnpkg.com/scheduler/-/scheduler-0.23.0.tgz#ba8041afc3d30eb206a487b6b384002e4e61fdfe"
    integrity sha512-CtuThmgHNg7zIZWAXi3AsyIzA3n4xx7aNyjwC2VJldO2LMVDhFK+63xGqq6CsJH4rTAt6/M+N4GhZiDYPx9eUw==
    dependencies:
      loose-envify "^1.1.0"
  
  scroll-into-view-if-needed@^3.1.0:
    version "3.1.0"
    resolved "https://registry.yarnpkg.com/scroll-into-view-if-needed/-/scroll-into-view-if-needed-3.1.0.tgz#fa9524518c799b45a2ef6bbffb92bcad0296d01f"
    integrity sha512-49oNpRjWRvnU8NyGVmUaYG4jtTkNonFZI86MmGRDqBphEK2EXT9gdEUoQPZhuBM8yWHxCWbobltqYO5M4XrUvQ==
    dependencies:
      compute-scroll-into-view "^3.0.2"
  
  space-separated-tokens@^2.0.0:
    version "2.0.2"
    resolved "https://registry.yarnpkg.com/space-separated-tokens/-/space-separated-tokens-2.0.2.tgz#1ecd9d2350a3844572c3f4a312bceb018348859f"
    integrity sha512-PEGlAwrG8yXGXRjW32fGbg66JAlOAwbObuqVoJpv/mRgoWDQfgH1wDPvtzWyUSNAXBGSk8h755YDbbcEy3SH2Q==
  
  string-convert@^0.2.0:
    version "0.2.1"
    resolved "https://registry.yarnpkg.com/string-convert/-/string-convert-0.2.1.tgz#6982cc3049fbb4cd85f8b24568b9d9bf39eeff97"
    integrity sha512-u/1tdPl4yQnPBjnVrmdLo9gtuLvELKsAoRapekWggdiQNvvvum+jYF329d84NAa660KQw7pB2n36KrIKVoXa3A==
  
  style-to-object@^0.4.0:
    version "0.4.4"
    resolved "https://registry.yarnpkg.com/style-to-object/-/style-to-object-0.4.4.tgz#266e3dfd56391a7eefb7770423612d043c3f33ec"
    integrity sha512-HYNoHZa2GorYNyqiCaBgsxvcJIn7OHq6inEga+E6Ke3m5JkoqpQbnFssk4jwe+K7AhGa2fcha4wSOf1Kn01dMg==
    dependencies:
      inline-style-parser "0.1.1"
  
  stylis@^4.0.13:
    version "4.3.0"
    resolved "https://registry.yarnpkg.com/stylis/-/stylis-4.3.0.tgz#abe305a669fc3d8777e10eefcfc73ad861c5588c"
    integrity sha512-E87pIogpwUsUwXw7dNyU4QDjdgVMy52m+XEOPEKUn161cCzWjjhPSQhByfd1CcNvrOLnXQ6OnnZDwnJrz/Z4YQ==
  
  throttle-debounce@^5.0.0:
    version "5.0.0"
    resolved "https://registry.yarnpkg.com/throttle-debounce/-/throttle-debounce-5.0.0.tgz#a17a4039e82a2ed38a5e7268e4132d6960d41933"
    integrity sha512-2iQTSgkkc1Zyk0MeVrt/3BvuOXYPl/R8Z0U2xxo9rjwNciaHDG3R+Lm6dh4EeUci49DanvBnuqI6jshoQQRGEg==
  
  toggle-selection@^1.0.6:
    version "1.0.6"
    resolved "https://registry.yarnpkg.com/toggle-selection/-/toggle-selection-1.0.6.tgz#6e45b1263f2017fa0acc7d89d78b15b8bf77da32"
    integrity sha512-BiZS+C1OS8g/q2RRbJmy59xpyghNBqrr6k5L/uKBGRsTfxmu3ffiRnd8mlGPUVayg8pvfi5urfnu8TU7DVOkLQ==
  
  trim-lines@^3.0.0:
    version "3.0.1"
    resolved "https://registry.yarnpkg.com/trim-lines/-/trim-lines-3.0.1.tgz#d802e332a07df861c48802c04321017b1bd87338"
    integrity sha512-kRj8B+YHZCc9kQYdWfJB2/oUl9rA99qbowYYBtr4ui4mZyAQ2JpvVBd/6U2YloATfqBhBTSMhTpgBHtU0Mf3Rg==
  
  trough@^2.0.0:
    version "2.1.0"
    resolved "https://registry.yarnpkg.com/trough/-/trough-2.1.0.tgz#0f7b511a4fde65a46f18477ab38849b22c554876"
    integrity sha512-AqTiAOLcj85xS7vQ8QkAV41hPDIJ71XJB4RCUrzo/1GM2CQwhkJGaf9Hgr7BOugMRpgGUrqRg/DrBDl4H40+8g==
  
  typescript@^5.3.3:
    version "5.3.3"
    resolved "https://registry.yarnpkg.com/typescript/-/typescript-5.3.3.tgz#b3ce6ba258e72e6305ba66f5c9b452aaee3ffe37"
    integrity sha512-pXWcraxM0uxAS+tN0AG/BF2TyqmHO014Z070UsJ+pFvYuRSq8KH8DmWpnbXe0pEPDHXZV3FcAbJkijJ5oNEnWw==
  
  unified@^10.0.0:
    version "10.1.2"
    resolved "https://registry.yarnpkg.com/unified/-/unified-10.1.2.tgz#b1d64e55dafe1f0b98bb6c719881103ecf6c86df"
    integrity sha512-pUSWAi/RAnVy1Pif2kAoeWNBa3JVrx0MId2LASj8G+7AiHWoKZNTomq6LG326T68U7/e263X6fTdcXIy7XnF7Q==
    dependencies:
      "@types/unist" "^2.0.0"
      bail "^2.0.0"
      extend "^3.0.0"
      is-buffer "^2.0.0"
      is-plain-obj "^4.0.0"
      trough "^2.0.0"
      vfile "^5.0.0"
  
  unified@^11.0.0:
    version "11.0.4"
    resolved "https://registry.yarnpkg.com/unified/-/unified-11.0.4.tgz#f4be0ac0fe4c88cb873687c07c64c49ed5969015"
    integrity sha512-apMPnyLjAX+ty4OrNap7yumyVAMlKx5IWU2wlzzUdYJO9A8f1p9m/gywF/GM2ZDFcjQPrx59Mc90KwmxsoklxQ==
    dependencies:
      "@types/unist" "^3.0.0"
      bail "^2.0.0"
      devlop "^1.0.0"
      extend "^3.0.0"
      is-plain-obj "^4.0.0"
      trough "^2.0.0"
      vfile "^6.0.0"
  
  unist-util-generated@^2.0.0:
    version "2.0.1"
    resolved "https://registry.yarnpkg.com/unist-util-generated/-/unist-util-generated-2.0.1.tgz#e37c50af35d3ed185ac6ceacb6ca0afb28a85cae"
    integrity sha512-qF72kLmPxAw0oN2fwpWIqbXAVyEqUzDHMsbtPvOudIlUzXYFIeQIuxXQCRCFh22B7cixvU0MG7m3MW8FTq/S+A==
  
  unist-util-is@^5.0.0:
    version "5.2.1"
    resolved "https://registry.yarnpkg.com/unist-util-is/-/unist-util-is-5.2.1.tgz#b74960e145c18dcb6226bc57933597f5486deae9"
    integrity sha512-u9njyyfEh43npf1M+yGKDGVPbY/JWEemg5nH05ncKPfi+kBbKBJoTdsogMu33uhytuLlv9y0O7GH7fEdwLdLQw==
    dependencies:
      "@types/unist" "^2.0.0"
  
  unist-util-is@^6.0.0:
    version "6.0.0"
    resolved "https://registry.yarnpkg.com/unist-util-is/-/unist-util-is-6.0.0.tgz#b775956486aff107a9ded971d996c173374be424"
    integrity sha512-2qCTHimwdxLfz+YzdGfkqNlH0tLi9xjTnHddPmJwtIG9MGsdbutfTc4P+haPD7l7Cjxf/WZj+we5qfVPvvxfYw==
    dependencies:
      "@types/unist" "^3.0.0"
  
  unist-util-position@^4.0.0:
    version "4.0.4"
    resolved "https://registry.yarnpkg.com/unist-util-position/-/unist-util-position-4.0.4.tgz#93f6d8c7d6b373d9b825844645877c127455f037"
    integrity sha512-kUBE91efOWfIVBo8xzh/uZQ7p9ffYRtUbMRZBNFYwf0RK8koUMx6dGUfwylLOKmaT2cs4wSW96QoYUSXAyEtpg==
    dependencies:
      "@types/unist" "^2.0.0"
  
  unist-util-stringify-position@^3.0.0:
    version "3.0.3"
    resolved "https://registry.yarnpkg.com/unist-util-stringify-position/-/unist-util-stringify-position-3.0.3.tgz#03ad3348210c2d930772d64b489580c13a7db39d"
    integrity sha512-k5GzIBZ/QatR8N5X2y+drfpWG8IDBzdnVj6OInRNWm1oXrzydiaAT2OQiA8DPRRZyAKb9b6I2a6PxYklZD0gKg==
    dependencies:
      "@types/unist" "^2.0.0"
  
  unist-util-stringify-position@^4.0.0:
    version "4.0.0"
    resolved "https://registry.yarnpkg.com/unist-util-stringify-position/-/unist-util-stringify-position-4.0.0.tgz#449c6e21a880e0855bf5aabadeb3a740314abac2"
    integrity sha512-0ASV06AAoKCDkS2+xw5RXJywruurpbC4JZSm7nr7MOt1ojAzvyyaO+UxZf18j8FCF6kmzCZKcAgN/yu2gm2XgQ==
    dependencies:
      "@types/unist" "^3.0.0"
  
  unist-util-visit-parents@^5.1.1:
    version "5.1.3"
    resolved "https://registry.yarnpkg.com/unist-util-visit-parents/-/unist-util-visit-parents-5.1.3.tgz#b4520811b0ca34285633785045df7a8d6776cfeb"
    integrity sha512-x6+y8g7wWMyQhL1iZfhIPhDAs7Xwbn9nRosDXl7qoPTSCy0yNxnKc+hWokFifWQIDGi154rdUqKvbCa4+1kLhg==
    dependencies:
      "@types/unist" "^2.0.0"
      unist-util-is "^5.0.0"
  
  unist-util-visit-parents@^6.0.0:
    version "6.0.1"
    resolved "https://registry.yarnpkg.com/unist-util-visit-parents/-/unist-util-visit-parents-6.0.1.tgz#4d5f85755c3b8f0dc69e21eca5d6d82d22162815"
    integrity sha512-L/PqWzfTP9lzzEa6CKs0k2nARxTdZduw3zyh8d2NVBnsyvHjSX4TWse388YrrQKbvI8w20fGjGlhgT96WwKykw==
    dependencies:
      "@types/unist" "^3.0.0"
      unist-util-is "^6.0.0"
  
  unist-util-visit@^4.0.0:
    version "4.1.2"
    resolved "https://registry.yarnpkg.com/unist-util-visit/-/unist-util-visit-4.1.2.tgz#125a42d1eb876283715a3cb5cceaa531828c72e2"
    integrity sha512-MSd8OUGISqHdVvfY9TPhyK2VdUrPgxkUtWSuMHF6XAAFuL4LokseigBnZtPnJMu+FbynTkFNnFlyjxpVKujMRg==
    dependencies:
      "@types/unist" "^2.0.0"
      unist-util-is "^5.0.0"
      unist-util-visit-parents "^5.1.1"
  
  unist-util-visit@^5.0.0:
    version "5.0.0"
    resolved "https://registry.yarnpkg.com/unist-util-visit/-/unist-util-visit-5.0.0.tgz#a7de1f31f72ffd3519ea71814cccf5fd6a9217d6"
    integrity sha512-MR04uvD+07cwl/yhVuVWAtw+3GOR/knlL55Nd/wAdblk27GCVt3lqpTivy/tkJcZoNPzTwS1Y+KMojlLDhoTzg==
    dependencies:
      "@types/unist" "^3.0.0"
      unist-util-is "^6.0.0"
      unist-util-visit-parents "^6.0.0"
  
  use-sync-external-store@^1.0.0:
    version "1.2.0"
    resolved "https://registry.yarnpkg.com/use-sync-external-store/-/use-sync-external-store-1.2.0.tgz#7dbefd6ef3fe4e767a0cf5d7287aacfb5846928a"
    integrity sha512-eEgnFxGQ1Ife9bzYs6VLi8/4X6CObHMw9Qr9tPY43iKwsPw8xE8+EFsf/2cFZ5S3esXgpWgtSCtLNS41F+sKPA==
  
  uvu@^0.5.0:
    version "0.5.6"
    resolved "https://registry.yarnpkg.com/uvu/-/uvu-0.5.6.tgz#2754ca20bcb0bb59b64e9985e84d2e81058502df"
    integrity sha512-+g8ENReyr8YsOc6fv/NVJs2vFdHBnBNdfE49rshrTzDWOlUx4Gq7KOS2GD8eqhy2j+Ejq29+SbKH8yjkAqXqoA==
    dependencies:
      dequal "^2.0.0"
      diff "^5.0.0"
      kleur "^4.0.3"
      sade "^1.7.3"
  
  vfile-message@^3.0.0:
    version "3.1.4"
    resolved "https://registry.yarnpkg.com/vfile-message/-/vfile-message-3.1.4.tgz#15a50816ae7d7c2d1fa87090a7f9f96612b59dea"
    integrity sha512-fa0Z6P8HUrQN4BZaX05SIVXic+7kE3b05PWAtPuYP9QLHsLKYR7/AlLW3NtOrpXRLeawpDLMsVkmk5DG0NXgWw==
    dependencies:
      "@types/unist" "^2.0.0"
      unist-util-stringify-position "^3.0.0"
  
  vfile-message@^4.0.0:
    version "4.0.2"
    resolved "https://registry.yarnpkg.com/vfile-message/-/vfile-message-4.0.2.tgz#c883c9f677c72c166362fd635f21fc165a7d1181"
    integrity sha512-jRDZ1IMLttGj41KcZvlrYAaI3CfqpLpfpf+Mfig13viT6NKvRzWZ+lXz0Y5D60w6uJIBAOGq9mSHf0gktF0duw==
    dependencies:
      "@types/unist" "^3.0.0"
      unist-util-stringify-position "^4.0.0"
  
  vfile@^5.0.0:
    version "5.3.7"
    resolved "https://registry.yarnpkg.com/vfile/-/vfile-5.3.7.tgz#de0677e6683e3380fafc46544cfe603118826ab7"
    integrity sha512-r7qlzkgErKjobAmyNIkkSpizsFPYiUPuJb5pNW1RB4JcYVZhs4lIbVqk8XPk033CV/1z8ss5pkax8SuhGpcG8g==
    dependencies:
      "@types/unist" "^2.0.0"
      is-buffer "^2.0.0"
      unist-util-stringify-position "^3.0.0"
      vfile-message "^3.0.0"
  
  vfile@^6.0.0:
    version "6.0.1"
    resolved "https://registry.yarnpkg.com/vfile/-/vfile-6.0.1.tgz#1e8327f41eac91947d4fe9d237a2dd9209762536"
    integrity sha512-1bYqc7pt6NIADBJ98UiG0Bn/CHIVOoZ/IyEkqIruLg0mE1BKzkOXY2D6CSqQIcKqgadppE5lrxgWXJmXd7zZJw==
    dependencies:
      "@types/unist" "^3.0.0"
      unist-util-stringify-position "^4.0.0"
      vfile-message "^4.0.0"
  
  zwitch@^2.0.0:
    version "2.0.4"
    resolved "https://registry.yarnpkg.com/zwitch/-/zwitch-2.0.4.tgz#c827d4b0acb76fc3e685a4c6ec2902d51070e9d7"
    integrity sha512-bXE4cR/kVZhKZX/RjPEflHaKVhUVl85noU3v6b8apfQEc1x4A+zBxjZ4lN8LqGd6WZ3dl98pY4o717VFmoPp+A==
